c:\elsiros_2023b\controllers\player\x64\release\vc142.pdb
c:\elsiros_2023b\controllers\player\x64\release\motion.obj
c:\elsiros_2023b\controllers\player\x64\release\lightsensor.obj
c:\elsiros_2023b\controllers\player\x64\release\lidar.obj
c:\elsiros_2023b\controllers\player\x64\release\led.obj
c:\elsiros_2023b\controllers\player\x64\release\keyboard.obj
c:\elsiros_2023b\controllers\player\x64\release\joystick.obj
c:\elsiros_2023b\controllers\player\x64\release\inertialunit.obj
c:\elsiros_2023b\controllers\player\x64\release\gyro.obj
c:\elsiros_2023b\controllers\player\x64\release\gps.obj
c:\elsiros_2023b\controllers\player\x64\release\field.obj
c:\elsiros_2023b\controllers\player\x64\release\emitter.obj
c:\elsiros_2023b\controllers\player\x64\release\distancesensor.obj
c:\elsiros_2023b\controllers\player\x64\release\display.obj
c:\elsiros_2023b\controllers\player\x64\release\device.obj
c:\elsiros_2023b\controllers\player\x64\release\connector.obj
c:\elsiros_2023b\controllers\player\x64\release\compass.obj
c:\elsiros_2023b\controllers\player\x64\release\camera.obj
c:\elsiros_2023b\controllers\player\x64\release\brake.obj
c:\elsiros_2023b\controllers\player\x64\release\altimeter.obj
c:\elsiros_2023b\controllers\player\x64\release\accelerometer.obj
c:\elsiros_2023b\controllers\player\x64\release\player.obj
c:\elsiros_2023b\controllers\player\x64\release\messages.pb.obj
c:\elsiros_2023b\controllers\player\x64\release\touchsensor.obj
c:\elsiros_2023b\controllers\player\x64\release\supervisor.obj
c:\elsiros_2023b\controllers\player\x64\release\speaker.obj
c:\elsiros_2023b\controllers\player\x64\release\skin.obj
c:\elsiros_2023b\controllers\player\x64\release\robot.obj
c:\elsiros_2023b\controllers\player\x64\release\receiver.obj
c:\elsiros_2023b\controllers\player\x64\release\rangefinder.obj
c:\elsiros_2023b\controllers\player\x64\release\radar.obj
c:\elsiros_2023b\controllers\player\x64\release\positionsensor.obj
c:\elsiros_2023b\controllers\player\x64\release\pen.obj
c:\elsiros_2023b\controllers\player\x64\release\node.obj
c:\elsiros_2023b\controllers\player\x64\release\mouse.obj
c:\elsiros_2023b\controllers\player\x64\release\motor.obj
c:\elsiros_2023b\controllers\player\x64\release\player.tlog\cl.command.1.tlog
c:\elsiros_2023b\controllers\player\x64\release\player.tlog\cl.read.1.tlog
c:\elsiros_2023b\controllers\player\x64\release\player.tlog\cl.write.1.tlog
c:\elsiros_2023b\controllers\player\x64\release\player.tlog\link.command.1.tlog
c:\elsiros_2023b\controllers\player\x64\release\player.tlog\link.read.1.tlog
c:\elsiros_2023b\controllers\player\x64\release\player.tlog\link.write.1.tlog
