64-bit system detected
Webots version warn text shown, continuing with installation
Cheking installed python version
Python 3.9.0
python binary found, checking version...
Output folder: c:\Elsiros\controllers
Extract: check_python_version.py... 100%
python 3.9.0 (tags/v3.9.0:9cf6752, Oct  5 2020, 15:23:07) [MSC v.1927 32 bit (Intel)] found
Python version check OK
Checking pip version...
Output folder: c:\Elsiros\controllers
Extract: check_pip_version.py... 100%
20.2.3
Pip check ok, installing requirements.txt
Output folder: c:\Elsiros\controllers
Extract: requirements.txt... 100%
Requirement already satisfied: numpy>=1.21.1 in c:\users\sergey\appdata\local\programs\python\python39-32\lib\site-packages (from -r c:\Elsiros\controllers\requirements.txt (line 1)) (1.21.1)
Requirement already satisfied: matplotlib>=3.4.2 in c:\users\sergey\appdata\local\programs\python\python39-32\lib\site-packages (from -r c:\Elsiros\controllers\requirements.txt (line 2)) (3.4.2)
Requirement already satisfied: construct>=2.10.67 in c:\users\sergey\appdata\local\programs\python\python39-32\lib\site-packages (from -r c:\Elsiros\controllers\requirements.txt (line 3)) (2.10.67)
Requirement already satisfied: wxpython>=4.1.1 in c:\users\sergey\appdata\local\programs\python\python39-32\lib\site-packages (from -r c:\Elsiros\controllers\requirements.txt (line 4)) (4.1.1)
Requirement already satisfied: protobuf==3.17.3 in c:\users\sergey\appdata\local\programs\python\python39-32\lib\site-packages (from -r c:\Elsiros\controllers\requirements.txt (line 5)) (3.17.3)
Requirement already satisfied: pywin32>=301 in c:\users\sergey\appdata\local\programs\python\python39-32\lib\site-packages (from -r c:\Elsiros\controllers\requirements.txt (line 6)) (301)
Requirement already satisfied: starkit>=0.0.1 in c:\users\sergey\appdata\local\programs\python\python39-32\lib\site-packages (from -r c:\Elsiros\controllers\requirements.txt (line 7)) (0.0.1)
Requirement already satisfied: kiwisolver>=1.0.1 in c:\users\sergey\appdata\local\programs\python\python39-32\lib\site-packages (from matplotlib>=3.4.2->-r c:\Elsiros\controllers\requirements.txt (line 2)) (1.4.5)
Requirement already satisfied: python-dateutil>=2.7 in c:\users\sergey\appdata\local\programs\python\python39-32\lib\site-packages (from matplotlib>=3.4.2->-r c:\Elsiros\controllers\requirements.txt (line 2)) (2.9.0.post0)
Requirement already satisfied: cycler>=0.10 in c:\users\sergey\appdata\local\programs\python\python39-32\lib\site-packages (from matplotlib>=3.4.2->-r c:\Elsiros\controllers\requirements.txt (line 2)) (0.12.1)
Requirement already satisfied: pyparsing>=2.2.1 in c:\users\sergey\appdata\local\programs\python\python39-32\lib\site-packages (from matplotlib>=3.4.2->-r c:\Elsiros\controllers\requirements.txt (line 2)) (3.1.2)
Requirement already satisfied: pillow>=6.2.0 in c:\users\sergey\appdata\local\programs\python\python39-32\lib\site-packages (from matplotlib>=3.4.2->-r c:\Elsiros\controllers\requirements.txt (line 2)) (10.3.0)
Requirement already satisfied: six in c:\users\sergey\appdata\local\programs\python\python39-32\lib\site-packages (from wxpython>=4.1.1->-r c:\Elsiros\controllers\requirements.txt (line 4)) (1.16.0)
WARNING: You are using pip version 20.2.3; however, version 24.0 is available.
You should consider upgrading via the 'C:\Users\Sergey\AppData\Local\Programs\Python\Python39-32\python.exe -m pip install --upgrade pip' command.
Extract: check_requirements.py... 100%
checking numpy>=1.21.1 ... OK!
checking matplotlib>=3.4.2 ... OK!
checking construct>=2.10.67 ... OK!
checking wxpython>=4.1.1 ... OK!
checking protobuf==3.17.3 ... OK!
checking pywin32>=301 ... OK!
checking starkit>=0.0.1 ... OK!
Requirements check passed
All python checks passed, continuing with installation
Output folder: c:\Elsiros\Prerequisites
Extract: jre-8u301-windows-x64.exe... 100%
Installing Java Runtime 8 u301...
Execute: c:\Elsiros\Prerequisites\jre-8u301-windows-x64.exe
Finished Installing Java Runtime 8 u301
Javahome value: C:\Program Files\Java\jre1.8.0_301
Installing Elsiros files
Output folder: c:\Elsiros
Output folder: c:\Elsiros\controllers
Extract: check_pip_version.bat
Extract: check_pip_version.py... 100%
Extract: check_python_version.bat... 100%
Extract: check_python_version.py... 100%
Extract: check_requirements.bat
Extract: check_requirements.py... 100%
Extract: install_requirements.bat
Extract: requirements.txt... 100%
Output folder: c:\Elsiros\controllers\Robofest_TEAM
Extract: __init__.py
Extract: gamestate.py... 100%
Extract: gcreceiver.py... 100%
Extract: launcher_pb.py... 100%
Extract: main_pb.py... 100%
Extract: strategy_designer.py... 100%
Extract: strategy_designer_config.json... 100%
Extract: training.py... 100%
Extract: Робофест задание FIRA hurocup.rtf... 100%
Extract: Робофест задание Робофутбол.rtf... 100%
Output folder: c:\Elsiros\controllers\Robofest_TEAM\Init_params
Extract: Marathon_params.json... 100%
Extract: Sim_calibr.json... 100%
Extract: Sim_landmarks.json... 100%
Extract: Sim_params.json... 100%
Extract: Sprint_params.json... 100%
Extract: __init__.py
Extract: strategy_data.json... 100%
Extract: wifi_params.json... 100%
Output folder: c:\Elsiros\controllers\Robofest_TEAM\Soccer
Extract: __init__.py
Extract: strategy.py... 100%
Extract: utility.py... 100%
Output folder: c:\Elsiros\controllers\Robofest_TEAM\Soccer\Localisation
Extract: __init__.py
Extract: class_Glob.py... 100%
Extract: class_Local.py... 100%
Output folder: c:\Elsiros\controllers\Robofest_TEAM\Soccer\Motion
Extract: __init__.py
Extract: ball_Approach_Steps_Seq.py... 100%
Extract: ball_Approach_calc.py... 100%
Extract: class_Motion.py... 100%
Extract: class_Motion_Webots_PB.py... 100%
Extract: class_Motion_real.py... 100%
Extract: compute_Alpha_v3.py... 100%
Extract: path_planning.py... 100%
Output folder: c:\Elsiros\controllers\Robofest_TEAM\Soccer\Motion\motion_slots
Extract: Dance_2.json... 100%
Extract: Dance_4.json... 100%
Extract: Dance_6_1.json... 100%
Extract: Dance_7.json... 100%
Extract: Get_Up_From_Defence.json... 100%
Extract: Get_Up_From_Defence21.json... 100%
Extract: Get_Up_From_Defence22.json... 100%
Extract: Get_Up_Left.json... 100%
Extract: Get_Up_Right.json... 100%
Extract: Initial_Pose.json... 100%
Extract: Motion_slot_Random_259.json... 100%
Extract: PanaltyDefenceReady.json... 100%
Extract: PanaltyDefenceReady_Fast.json... 100%
Extract: PenaltyDefenceF.json... 100%
Extract: PenaltyDefenceL.json... 100%
Extract: PenaltyDefenceR.json... 100%
Extract: Soccer_Get_UP_Face_Up.json... 100%
Extract: Soccer_Get_UP_Stomach_N.json... 100%
Extract: Soccer_Get_UP_Stomach_N_old.json... 100%
Extract: Soccer_Kick_Forward_Left_Leg.json... 100%
Extract: Soccer_Kick_Forward_Right_Leg.json... 100%
Extract: Soccer_Small_Jump_Forward.json... 100%
Extract: __init__.py
Output folder: c:\Elsiros\controllers\SAMPLE_TEAM
Extract: __init__.py
Extract: gamestate.py... 100%
Extract: gcreceiver.py... 100%
Extract: launcher_pb.py... 100%
Extract: main_pb.py... 100%
Extract: readme.txt... 100%
Extract: strategy_designer.py... 100%
Extract: strategy_designer_config.json... 100%
Extract: training.py... 100%
Output folder: c:\Elsiros\controllers\SAMPLE_TEAM\Init_params
Extract: Sim_calibr.json... 100%
Extract: Sim_landmarks.json... 100%
Extract: Sim_params.json... 100%
Extract: __init__.py
Extract: strategy_data.json... 100%
Extract: wifi_params.json... 100%
Output folder: c:\Elsiros\controllers\SAMPLE_TEAM\Soccer
Extract: __init__.py
Extract: strategy.py... 100%
Extract: utility.py... 100%
Output folder: c:\Elsiros\controllers\SAMPLE_TEAM\Soccer\Localisation
Extract: __init__.py
Extract: class_Glob.py... 100%
Extract: class_Local.py... 100%
Output folder: c:\Elsiros\controllers\SAMPLE_TEAM\Soccer\Motion
Extract: __init__.py
Extract: ball_Approach_Steps_Seq.py... 100%
Extract: ball_Approach_calc.py... 100%
Extract: class_Motion.py... 100%
Extract: class_Motion_Webots_PB.py... 100%
Extract: class_Motion_real.py... 100%
Extract: compute_Alpha_v3.py... 100%
Extract: path_planning.py... 100%
Output folder: c:\Elsiros\controllers\SAMPLE_TEAM\Soccer\Motion\motion_slots
Extract: Dance_2.json... 100%
Extract: Dance_4.json... 100%
Extract: Dance_6_1.json... 100%
Extract: Dance_7.json... 100%
Extract: Get_Up_From_Defence.json... 100%
Extract: Get_Up_From_Defence21.json... 100%
Extract: Get_Up_From_Defence22.json... 100%
Extract: Get_Up_Left.json... 100%
Extract: Get_Up_Right.json... 100%
Extract: Initial_Pose.json... 100%
Extract: Motion_slot_Random_259.json... 100%
Extract: PanaltyDefenceReady.json... 100%
Extract: PanaltyDefenceReady_Fast.json... 100%
Extract: PenaltyDefenceF.json... 100%
Extract: PenaltyDefenceL.json... 100%
Extract: PenaltyDefenceR.json... 100%
Extract: Soccer_Get_UP_Face_Up.json... 100%
Extract: Soccer_Get_UP_Stomach_N.json... 100%
Extract: Soccer_Get_UP_Stomach_N_old.json... 100%
Extract: Soccer_Kick_Forward_Left_Leg.json... 100%
Extract: Soccer_Kick_Forward_Right_Leg.json... 100%
Extract: Soccer_Small_Jump_Forward.json... 100%
Extract: __init__.py
Output folder: c:\Elsiros\controllers\marathon
Extract: marathon.py... 100%
Output folder: c:\Elsiros\controllers\player
Extract: .gitignore... 100%
Extract: Makefile... 100%
Extract: Makefile.client... 100%
Extract: Makefile.test_client... 100%
Extract: actuator_requests.txt... 100%
Extract: blurrer.json... 100%
Extract: blurrer.py... 100%
Extract: client... 100%
Extract: client.cpp... 100%
Extract: communication_manager_robokit.py... 100%
Extract: communication_manager_test.py... 100%
Extract: compile_proto.bat... 100%
Extract: message_manager.py... 100%
Extract: messages.proto... 100%
Extract: messages_pb2.py... 100%
Extract: model_robokit.py... 100%
Extract: player... 100%
Extract: player.cpp... 100%
Extract: player.exe... 100%
Extract: player.sln... 100%
Extract: player.vcxproj... 100%
Extract: player_new.exe... 100%
Extract: player_old.exe... 100%
Extract: readme.md... 100%
Extract: robot_client.cpp... 100%
Extract: robot_client.hpp... 100%
Extract: robot_client.py... 100%
Extract: test_client... 100%
Extract: test_client.cpp... 100%
Output folder: c:\Elsiros\controllers\player\protobuf
Output folder: c:\Elsiros\controllers\player\protobuf\include
Output folder: c:\Elsiros\controllers\player\protobuf\include\google
Output folder: c:\Elsiros\controllers\player\protobuf\include\google\protobuf
Extract: any.cc... 100%
Extract: any.h... 100%
Extract: any.pb.cc... 100%
Extract: any.pb.h... 100%
Extract: any.proto... 100%
Extract: any_lite.cc... 100%
Extract: any_test.cc... 100%
Extract: any_test.pb.cc... 100%
Extract: any_test.pb.h... 100%
Extract: any_test.proto... 100%
Extract: api.pb.cc... 100%
Extract: api.pb.h... 100%
Extract: api.proto... 100%
Extract: arena.cc... 100%
Extract: arena.h... 100%
Extract: arena_impl.h... 100%
Extract: arena_test_util.cc... 100%
Extract: arena_test_util.h... 100%
Extract: arena_unittest.cc... 100%
Extract: arenastring.cc... 100%
Extract: arenastring.h... 100%
Extract: arenastring_unittest.cc... 100%
Extract: descriptor.cc... 100%
Extract: descriptor.h... 100%
Extract: descriptor.pb.cc... 100%
Extract: descriptor.pb.h... 100%
Extract: descriptor.proto... 100%
Extract: descriptor_database.cc... 100%
Extract: descriptor_database.h... 100%
Extract: descriptor_database_unittest.cc... 100%
Extract: descriptor_unittest.cc... 100%
Extract: drop_unknown_fields_test.cc... 100%
Extract: duration.pb.cc... 100%
Extract: duration.pb.h... 100%
Extract: duration.proto... 100%
Extract: dynamic_message.cc... 100%
Extract: dynamic_message.h... 100%
Extract: dynamic_message_unittest.cc... 100%
Extract: empty.pb.cc... 100%
Extract: empty.pb.h... 100%
Extract: empty.proto... 100%
Extract: extension_set.cc... 100%
Extract: extension_set.h... 100%
Extract: extension_set_heavy.cc... 100%
Extract: extension_set_inl.h... 100%
Extract: extension_set_unittest.cc... 100%
Extract: field_access_listener.h... 100%
Extract: field_mask.pb.cc... 100%
Extract: field_mask.pb.h... 100%
Extract: field_mask.proto... 100%
Extract: generated_enum_reflection.h... 100%
Extract: generated_enum_util.cc... 100%
Extract: generated_enum_util.h... 100%
Extract: generated_message_bases.cc... 100%
Extract: generated_message_bases.h... 100%
Extract: generated_message_reflection.cc... 100%
Extract: generated_message_reflection.h... 100%
Extract: generated_message_reflection_unittest.cc... 100%
Extract: generated_message_table_driven.cc... 100%
Extract: generated_message_table_driven.h... 100%
Extract: generated_message_table_driven_lite.cc... 100%
Extract: generated_message_table_driven_lite.h... 100%
Extract: generated_message_tctable_decl.h... 100%
Extract: generated_message_tctable_full.cc... 100%
Extract: generated_message_tctable_impl.h... 100%
Extract: generated_message_tctable_impl.inc... 100%
Extract: generated_message_tctable_lite.cc... 100%
Extract: generated_message_util.cc... 100%
Extract: generated_message_util.h... 100%
Extract: has_bits.h... 100%
Extract: implicit_weak_message.cc... 100%
Extract: implicit_weak_message.h... 100%
Extract: inlined_string_field.cc... 100%
Extract: inlined_string_field.h... 100%
Extract: inlined_string_field_unittest.cc... 100%
Extract: lite_arena_unittest.cc... 100%
Extract: lite_unittest.cc... 100%
Extract: map.cc... 100%
Extract: map.h... 100%
Extract: map_entry.h... 100%
Extract: map_entry_lite.h... 100%
Extract: map_field.cc... 100%
Extract: map_field.h... 100%
Extract: map_field_inl.h... 100%
Extract: map_field_lite.h... 100%
Extract: map_field_test.cc... 100%
Extract: map_lite_test_util.cc... 100%
Extract: map_lite_test_util.h... 100%
Extract: map_lite_unittest.pb.cc... 100%
Extract: map_lite_unittest.pb.h... 100%
Extract: map_lite_unittest.proto... 100%
Extract: map_proto2_unittest.pb.cc... 100%
Extract: map_proto2_unittest.pb.h... 100%
Extract: map_proto2_unittest.proto... 100%
Extract: map_test.cc... 100%
Extract: map_test.inc... 100%
Extract: map_test_util.h... 100%
Extract: map_test_util.inc... 100%
Extract: map_test_util_impl.h... 100%
Extract: map_type_handler.h... 100%
Extract: map_unittest.pb.cc... 100%
Extract: map_unittest.pb.h... 100%
Extract: map_unittest.proto... 100%
Extract: message.cc... 100%
Extract: message.h... 100%
Extract: message_lite.cc... 100%
Extract: message_lite.h... 100%
Extract: message_unittest.cc... 100%
Extract: message_unittest.inc... 100%
Extract: metadata.h... 100%
Extract: metadata_lite.h... 100%
Extract: no_field_presence_test.cc... 100%
Extract: package_info.h... 100%
Extract: parse_context.cc... 100%
Extract: parse_context.h... 100%
Extract: port.h... 100%
Extract: port_def.inc... 100%
Extract: port_undef.inc... 100%
Extract: preserve_unknown_enum_test.cc... 100%
Extract: proto3_arena_lite_unittest.cc... 100%
Extract: proto3_arena_unittest.cc... 100%
Extract: proto3_lite_unittest.cc... 100%
Extract: proto3_lite_unittest.inc... 100%
Extract: reflection.h... 100%
Extract: reflection_internal.h... 100%
Extract: reflection_ops.cc... 100%
Extract: reflection_ops.h... 100%
Extract: reflection_ops_unittest.cc... 100%
Extract: reflection_tester.cc... 100%
Extract: reflection_tester.h... 100%
Extract: repeated_field.cc... 100%
Extract: repeated_field.h... 100%
Extract: repeated_field_reflection_unittest.cc... 100%
Extract: repeated_field_unittest.cc... 100%
Extract: service.cc... 100%
Extract: service.h... 100%
Extract: source_context.pb.cc... 100%
Extract: source_context.pb.h... 100%
Extract: source_context.proto... 100%
Extract: string_member_robber.h... 100%
Extract: struct.pb.cc... 100%
Extract: struct.pb.h... 100%
Extract: struct.proto... 100%
Extract: test_messages_proto2.proto... 100%
Extract: test_messages_proto3.proto... 100%
Extract: test_util.cc... 100%
Extract: test_util.h... 100%
Extract: test_util.inc... 100%
Extract: test_util2.h... 100%
Extract: test_util_lite.cc... 100%
Extract: test_util_lite.h... 100%
Extract: text_format.cc... 100%
Extract: text_format.h... 100%
Extract: text_format_unittest.cc... 100%
Extract: timestamp.pb.cc... 100%
Extract: timestamp.pb.h... 100%
Extract: timestamp.proto... 100%
Extract: type.pb.cc... 100%
Extract: type.pb.h... 100%
Extract: type.proto... 100%
Extract: unittest.pb.cc... 100%
Extract: unittest.pb.h... 100%
Extract: unittest.proto... 100%
Extract: unittest_arena.pb.cc... 100%
Extract: unittest_arena.pb.h... 100%
Extract: unittest_arena.proto... 100%
Extract: unittest_custom_options.pb.cc... 100%
Extract: unittest_custom_options.pb.h... 100%
Extract: unittest_custom_options.proto... 100%
Extract: unittest_drop_unknown_fields.pb.cc... 100%
Extract: unittest_drop_unknown_fields.pb.h... 100%
Extract: unittest_drop_unknown_fields.proto... 100%
Extract: unittest_embed_optimize_for.pb.cc... 100%
Extract: unittest_embed_optimize_for.pb.h... 100%
Extract: unittest_embed_optimize_for.proto... 100%
Extract: unittest_empty.pb.cc... 100%
Extract: unittest_empty.pb.h... 100%
Extract: unittest_empty.proto... 100%
Extract: unittest_enormous_descriptor.proto... 100%
Extract: unittest_import.pb.cc... 100%
Extract: unittest_import.pb.h... 100%
Extract: unittest_import.proto... 100%
Extract: unittest_import_lite.pb.cc... 100%
Extract: unittest_import_lite.pb.h... 100%
Extract: unittest_import_lite.proto... 100%
Extract: unittest_import_public.pb.cc... 100%
Extract: unittest_import_public.pb.h... 100%
Extract: unittest_import_public.proto... 100%
Extract: unittest_import_public_lite.pb.cc... 100%
Extract: unittest_import_public_lite.pb.h... 100%
Extract: unittest_import_public_lite.proto... 100%
Extract: unittest_lazy_dependencies.pb.cc... 100%
Extract: unittest_lazy_dependencies.pb.h... 100%
Extract: unittest_lazy_dependencies.proto... 100%
Extract: unittest_lazy_dependencies_custom_option.pb.cc... 100%
Extract: unittest_lazy_dependencies_custom_option.pb.h... 100%
Extract: unittest_lazy_dependencies_custom_option.proto... 100%
Extract: unittest_lazy_dependencies_enum.pb.cc... 100%
Extract: unittest_lazy_dependencies_enum.pb.h... 100%
Extract: unittest_lazy_dependencies_enum.proto... 100%
Extract: unittest_lite.pb.cc... 100%
Extract: unittest_lite.pb.h... 100%
Extract: unittest_lite.proto... 100%
Extract: unittest_lite_imports_nonlite.pb.cc... 100%
Extract: unittest_lite_imports_nonlite.pb.h... 100%
Extract: unittest_lite_imports_nonlite.proto... 100%
Extract: unittest_mset.pb.cc... 100%
Extract: unittest_mset.pb.h... 100%
Extract: unittest_mset.proto... 100%
Extract: unittest_mset_wire_format.pb.cc... 100%
Extract: unittest_mset_wire_format.pb.h... 100%
Extract: unittest_mset_wire_format.proto... 100%
Extract: unittest_no_field_presence.pb.cc... 100%
Extract: unittest_no_field_presence.pb.h... 100%
Extract: unittest_no_field_presence.proto... 100%
Extract: unittest_no_generic_services.pb.cc... 100%
Extract: unittest_no_generic_services.pb.h... 100%
Extract: unittest_no_generic_services.proto... 100%
Extract: unittest_optimize_for.pb.cc... 100%
Extract: unittest_optimize_for.pb.h... 100%
Extract: unittest_optimize_for.proto... 100%
Extract: unittest_preserve_unknown_enum.pb.cc... 100%
Extract: unittest_preserve_unknown_enum.pb.h... 100%
Extract: unittest_preserve_unknown_enum.proto... 100%
Extract: unittest_preserve_unknown_enum2.pb.cc... 100%
Extract: unittest_preserve_unknown_enum2.pb.h... 100%
Extract: unittest_preserve_unknown_enum2.proto... 100%
Extract: unittest_proto3.pb.cc... 100%
Extract: unittest_proto3.pb.h... 100%
Extract: unittest_proto3.proto... 100%
Extract: unittest_proto3_arena.pb.cc... 100%
Extract: unittest_proto3_arena.pb.h... 100%
Extract: unittest_proto3_arena.proto... 100%
Extract: unittest_proto3_arena_lite.pb.cc... 100%
Extract: unittest_proto3_arena_lite.pb.h... 100%
Extract: unittest_proto3_arena_lite.proto... 100%
Extract: unittest_proto3_lite.pb.cc... 100%
Extract: unittest_proto3_lite.pb.h... 100%
Extract: unittest_proto3_lite.proto... 100%
Extract: unittest_proto3_optional.pb.cc... 100%
Extract: unittest_proto3_optional.pb.h... 100%
Extract: unittest_proto3_optional.proto... 100%
Extract: unittest_well_known_types.pb.cc... 100%
Extract: unittest_well_known_types.pb.h... 100%
Extract: unittest_well_known_types.proto... 100%
Extract: unknown_field_set.cc... 100%
Extract: unknown_field_set.h... 100%
Extract: unknown_field_set_unittest.cc... 100%
Extract: well_known_types_unittest.cc... 100%
Extract: wire_format.cc... 100%
Extract: wire_format.h... 100%
Extract: wire_format_lite.cc... 100%
Extract: wire_format_lite.h... 100%
Extract: wire_format_unittest.cc... 100%
Extract: wire_format_unittest.inc... 100%
Extract: wrappers.pb.cc... 100%
Extract: wrappers.pb.h... 100%
Extract: wrappers.proto... 100%
Output folder: c:\Elsiros\controllers\player\protobuf\include\google\protobuf\compiler
Extract: annotation_test_util.cc... 100%
Extract: annotation_test_util.h... 100%
Extract: code_generator.cc... 100%
Extract: code_generator.h... 100%
Extract: command_line_interface.cc... 100%
Extract: command_line_interface.h... 100%
Extract: command_line_interface_unittest.cc... 100%
Extract: importer.cc... 100%
Extract: importer.h... 100%
Extract: importer_unittest.cc... 100%
Extract: main.cc... 100%
Extract: mock_code_generator.cc... 100%
Extract: mock_code_generator.h... 100%
Extract: package_info.h... 100%
Extract: parser.cc... 100%
Extract: parser.h... 100%
Extract: parser_unittest.cc... 100%
Extract: plugin.cc... 100%
Extract: plugin.h... 100%
Extract: plugin.pb.cc... 100%
Extract: plugin.pb.h... 100%
Extract: plugin.proto... 100%
Extract: scc.h... 100%
Extract: subprocess.cc... 100%
Extract: subprocess.h... 100%
Extract: test_plugin.cc... 100%
Extract: zip_output_unittest.sh... 100%
Extract: zip_writer.cc... 100%
Extract: zip_writer.h... 100%
Output folder: c:\Elsiros\controllers\player\protobuf\include\google\protobuf\compiler\cpp
Extract: cpp_bootstrap_unittest.cc... 100%
Extract: cpp_enum.cc... 100%
Extract: cpp_enum.h... 100%
Extract: cpp_enum_field.cc... 100%
Extract: cpp_enum_field.h... 100%
Extract: cpp_extension.cc... 100%
Extract: cpp_extension.h... 100%
Extract: cpp_field.cc... 100%
Extract: cpp_field.h... 100%
Extract: cpp_file.cc... 100%
Extract: cpp_file.h... 100%
Extract: cpp_generator.cc... 100%
Extract: cpp_generator.h... 100%
Extract: cpp_helpers.cc... 100%
Extract: cpp_helpers.h... 100%
Extract: cpp_map_field.cc... 100%
Extract: cpp_map_field.h... 100%
Extract: cpp_message.cc... 100%
Extract: cpp_message.h... 100%
Extract: cpp_message_field.cc... 100%
Extract: cpp_message_field.h... 100%
Extract: cpp_message_layout_helper.h... 100%
Extract: cpp_move_unittest.cc... 100%
Extract: cpp_names.h... 100%
Extract: cpp_options.h... 100%
Extract: cpp_padding_optimizer.cc... 100%
Extract: cpp_padding_optimizer.h... 100%
Extract: cpp_parse_function_generator.cc... 100%
Extract: cpp_parse_function_generator.h... 100%
Extract: cpp_plugin_unittest.cc... 100%
Extract: cpp_primitive_field.cc... 100%
Extract: cpp_primitive_field.h... 100%
Extract: cpp_service.cc... 100%
Extract: cpp_service.h... 100%
Extract: cpp_string_field.cc... 100%
Extract: cpp_string_field.h... 100%
Extract: cpp_test_bad_identifiers.pb.cc... 100%
Extract: cpp_test_bad_identifiers.pb.h... 100%
Extract: cpp_test_bad_identifiers.proto... 100%
Extract: cpp_test_large_enum_value.pb.cc... 100%
Extract: cpp_test_large_enum_value.pb.h... 100%
Extract: cpp_test_large_enum_value.proto... 100%
Extract: cpp_unittest.cc... 100%
Extract: cpp_unittest.h... 100%
Extract: cpp_unittest.inc... 100%
Extract: metadata_test.cc... 100%
Output folder: c:\Elsiros\controllers\player\protobuf\include\google\protobuf\compiler\csharp
Extract: csharp_bootstrap_unittest.cc... 100%
Extract: csharp_doc_comment.cc... 100%
Extract: csharp_doc_comment.h... 100%
Extract: csharp_enum.cc... 100%
Extract: csharp_enum.h... 100%
Extract: csharp_enum_field.cc... 100%
Extract: csharp_enum_field.h... 100%
Extract: csharp_field_base.cc... 100%
Extract: csharp_field_base.h... 100%
Extract: csharp_generator.cc... 100%
Extract: csharp_generator.h... 100%
Extract: csharp_generator_unittest.cc... 100%
Extract: csharp_helpers.cc... 100%
Extract: csharp_helpers.h... 100%
Extract: csharp_map_field.cc... 100%
Extract: csharp_map_field.h... 100%
Extract: csharp_message.cc... 100%
Extract: csharp_message.h... 100%
Extract: csharp_message_field.cc... 100%
Extract: csharp_message_field.h... 100%
Extract: csharp_names.h... 100%
Extract: csharp_options.h... 100%
Extract: csharp_primitive_field.cc... 100%
Extract: csharp_primitive_field.h... 100%
Extract: csharp_reflection_class.cc... 100%
Extract: csharp_reflection_class.h... 100%
Extract: csharp_repeated_enum_field.cc... 100%
Extract: csharp_repeated_enum_field.h... 100%
Extract: csharp_repeated_message_field.cc... 100%
Extract: csharp_repeated_message_field.h... 100%
Extract: csharp_repeated_primitive_field.cc... 100%
Extract: csharp_repeated_primitive_field.h... 100%
Extract: csharp_source_generator_base.cc... 100%
Extract: csharp_source_generator_base.h... 100%
Extract: csharp_wrapper_field.cc... 100%
Extract: csharp_wrapper_field.h... 100%
Output folder: c:\Elsiros\controllers\player\protobuf\include\google\protobuf\compiler\java
Extract: java_context.cc... 100%
Extract: java_context.h... 100%
Extract: java_doc_comment.cc... 100%
Extract: java_doc_comment.h... 100%
Extract: java_doc_comment_unittest.cc... 100%
Extract: java_enum.cc... 100%
Extract: java_enum.h... 100%
Extract: java_enum_field.cc... 100%
Extract: java_enum_field.h... 100%
Extract: java_enum_field_lite.cc... 100%
Extract: java_enum_field_lite.h... 100%
Extract: java_enum_lite.cc... 100%
Extract: java_enum_lite.h... 100%
Extract: java_extension.cc... 100%
Extract: java_extension.h... 100%
Extract: java_extension_lite.cc... 100%
Extract: java_extension_lite.h... 100%
Extract: java_field.cc... 100%
Extract: java_field.h... 100%
Extract: java_file.cc... 100%
Extract: java_file.h... 100%
Extract: java_generator.cc... 100%
Extract: java_generator.h... 100%
Extract: java_generator_factory.cc... 100%
Extract: java_generator_factory.h... 100%
Extract: java_helpers.cc... 100%
Extract: java_helpers.h... 100%
Extract: java_kotlin_generator.cc... 100%
Extract: java_kotlin_generator.h... 100%
Extract: java_map_field.cc... 100%
Extract: java_map_field.h... 100%
Extract: java_map_field_lite.cc... 100%
Extract: java_map_field_lite.h... 100%
Extract: java_message.cc... 100%
Extract: java_message.h... 100%
Extract: java_message_builder.cc... 100%
Extract: java_message_builder.h... 100%
Extract: java_message_builder_lite.cc... 100%
Extract: java_message_builder_lite.h... 100%
Extract: java_message_field.cc... 100%
Extract: java_message_field.h... 100%
Extract: java_message_field_lite.cc... 100%
Extract: java_message_field_lite.h... 100%
Extract: java_message_lite.cc... 100%
Extract: java_message_lite.h... 100%
Extract: java_name_resolver.cc... 100%
Extract: java_name_resolver.h... 100%
Extract: java_names.h... 100%
Extract: java_options.h... 100%
Extract: java_plugin_unittest.cc... 100%
Extract: java_primitive_field.cc... 100%
Extract: java_primitive_field.h... 100%
Extract: java_primitive_field_lite.cc... 100%
Extract: java_primitive_field_lite.h... 100%
Extract: java_service.cc... 100%
Extract: java_service.h... 100%
Extract: java_shared_code_generator.cc... 100%
Extract: java_shared_code_generator.h... 100%
Extract: java_string_field.cc... 100%
Extract: java_string_field.h... 100%
Extract: java_string_field_lite.cc... 100%
Extract: java_string_field_lite.h... 100%
Output folder: c:\Elsiros\controllers\player\protobuf\include\google\protobuf\compiler\js
Extract: js_generator.cc... 100%
Extract: js_generator.h... 100%
Extract: well_known_types_embed.cc... 100%
Extract: well_known_types_embed.h... 100%
Output folder: c:\Elsiros\controllers\player\protobuf\include\google\protobuf\compiler\objectivec
Extract: method_dump.sh... 100%
Extract: objectivec_enum.cc... 100%
Extract: objectivec_enum.h... 100%
Extract: objectivec_enum_field.cc... 100%
Extract: objectivec_enum_field.h... 100%
Extract: objectivec_extension.cc... 100%
Extract: objectivec_extension.h... 100%
Extract: objectivec_field.cc... 100%
Extract: objectivec_field.h... 100%
Extract: objectivec_file.cc... 100%
Extract: objectivec_file.h... 100%
Extract: objectivec_generator.cc... 100%
Extract: objectivec_generator.h... 100%
Extract: objectivec_helpers.cc... 100%
Extract: objectivec_helpers.h... 100%
Extract: objectivec_helpers_unittest.cc... 100%
Extract: objectivec_map_field.cc... 100%
Extract: objectivec_map_field.h... 100%
Extract: objectivec_message.cc... 100%
Extract: objectivec_message.h... 100%
Extract: objectivec_message_field.cc... 100%
Extract: objectivec_message_field.h... 100%
Extract: objectivec_nsobject_methods.h... 100%
Extract: objectivec_oneof.cc... 100%
Extract: objectivec_oneof.h... 100%
Extract: objectivec_primitive_field.cc... 100%
Extract: objectivec_primitive_field.h... 100%
Output folder: c:\Elsiros\controllers\player\protobuf\include\google\protobuf\compiler\php
Extract: php_generator.cc... 100%
Extract: php_generator.h... 100%
Output folder: c:\Elsiros\controllers\player\protobuf\include\google\protobuf\compiler\python
Extract: python_generator.cc... 100%
Extract: python_generator.h... 100%
Extract: python_plugin_unittest.cc... 100%
Output folder: c:\Elsiros\controllers\player\protobuf\include\google\protobuf\compiler\ruby
Extract: ruby_generated_code.proto... 100%
Extract: ruby_generated_code_pb.rb... 100%
Extract: ruby_generated_code_proto2.proto... 100%
Extract: ruby_generated_code_proto2_pb.rb... 100%
Extract: ruby_generated_pkg_explicit.proto... 100%
Extract: ruby_generated_pkg_explicit_legacy.proto... 100%
Extract: ruby_generated_pkg_explicit_legacy_pb.rb... 100%
Extract: ruby_generated_pkg_explicit_pb.rb... 100%
Extract: ruby_generated_pkg_implicit.proto... 100%
Extract: ruby_generated_pkg_implicit_pb.rb... 100%
Extract: ruby_generator.cc... 100%
Extract: ruby_generator.h... 100%
Extract: ruby_generator_unittest.cc... 100%
Output folder: c:\Elsiros\controllers\player\protobuf\include\google\protobuf\io
Extract: coded_stream.cc... 100%
Extract: coded_stream.h... 100%
Extract: coded_stream_unittest.cc... 100%
Extract: gzip_stream.cc... 100%
Extract: gzip_stream.h... 100%
Extract: gzip_stream_unittest.sh... 100%
Extract: io_win32.cc... 100%
Extract: io_win32.h... 100%
Extract: io_win32_unittest.cc... 100%
Extract: package_info.h... 100%
Extract: printer.cc... 100%
Extract: printer.h... 100%
Extract: printer_unittest.cc... 100%
Extract: strtod.cc... 100%
Extract: strtod.h... 100%
Extract: tokenizer.cc... 100%
Extract: tokenizer.h... 100%
Extract: tokenizer_unittest.cc... 100%
Extract: zero_copy_stream.cc... 100%
Extract: zero_copy_stream.h... 100%
Extract: zero_copy_stream_impl.cc... 100%
Extract: zero_copy_stream_impl.h... 100%
Extract: zero_copy_stream_impl_lite.cc... 100%
Extract: zero_copy_stream_impl_lite.h... 100%
Extract: zero_copy_stream_unittest.cc... 100%
Output folder: c:\Elsiros\controllers\player\protobuf\include\google\protobuf\stubs
Extract: bytestream.cc... 100%
Extract: bytestream.h... 100%
Extract: bytestream_unittest.cc... 100%
Extract: callback.h... 100%
Extract: casts.h... 100%
Extract: common.cc... 100%
Extract: common.h... 100%
Extract: common_unittest.cc... 100%
Extract: hash.h... 100%
Extract: int128.cc... 100%
Extract: int128.h... 100%
Extract: int128_unittest.cc... 100%
Extract: logging.h... 100%
Extract: macros.h... 100%
Extract: map_util.h... 100%
Extract: mathutil.h... 100%
Extract: mutex.h... 100%
Extract: once.h... 100%
Extract: platform_macros.h... 100%
Extract: port.h... 100%
Extract: status.cc... 100%
Extract: status.h... 100%
Extract: status_macros.h... 100%
Extract: status_test.cc... 100%
Extract: statusor.cc... 100%
Extract: statusor.h... 100%
Extract: statusor_test.cc... 100%
Extract: stl_util.h... 100%
Extract: stringpiece.cc... 100%
Extract: stringpiece.h... 100%
Extract: stringpiece_unittest.cc... 100%
Extract: stringprintf.cc... 100%
Extract: stringprintf.h... 100%
Extract: stringprintf_unittest.cc... 100%
Extract: structurally_valid.cc... 100%
Extract: structurally_valid_unittest.cc... 100%
Extract: strutil.cc... 100%
Extract: strutil.h... 100%
Extract: strutil_unittest.cc... 100%
Extract: substitute.cc... 100%
Extract: substitute.h... 100%
Extract: template_util.h... 100%
Extract: template_util_unittest.cc... 100%
Extract: time.cc... 100%
Extract: time.h... 100%
Extract: time_test.cc... 100%
Output folder: c:\Elsiros\controllers\player\protobuf\include\google\protobuf\testdata
Extract: bad_utf8_string
Extract: golden_message... 100%
Extract: golden_message_maps... 100%
Extract: golden_message_oneof_implemented... 100%
Extract: golden_message_proto3... 100%
Extract: golden_packed_fields_message... 100%
Extract: map_test_data.txt... 100%
Extract: text_format_unittest_data.txt... 100%
Extract: text_format_unittest_data_oneof_implemented.txt... 100%
Extract: text_format_unittest_data_pointy.txt... 100%
Extract: text_format_unittest_data_pointy_oneof.txt... 100%
Extract: text_format_unittest_extensions_data.txt... 100%
Extract: text_format_unittest_extensions_data_pointy.txt... 100%
Output folder: c:\Elsiros\controllers\player\protobuf\include\google\protobuf\testing
Extract: file.cc... 100%
Extract: file.h... 100%
Extract: googletest.cc... 100%
Extract: googletest.h... 100%
Extract: zcgunzip.cc... 100%
Extract: zcgzip.cc... 100%
Output folder: c:\Elsiros\controllers\player\protobuf\include\google\protobuf\util
Extract: delimited_message_util.cc... 100%
Extract: delimited_message_util.h... 100%
Extract: delimited_message_util_test.cc... 100%
Extract: field_comparator.cc... 100%
Extract: field_comparator.h... 100%
Extract: field_comparator_test.cc... 100%
Extract: field_mask_util.cc... 100%
Extract: field_mask_util.h... 100%
Extract: field_mask_util_test.cc... 100%
Extract: json_format.pb.cc... 100%
Extract: json_format.pb.h... 100%
Extract: json_format.proto... 100%
Extract: json_format_proto3.pb.cc... 100%
Extract: json_format_proto3.pb.h... 100%
Extract: json_format_proto3.proto... 100%
Extract: json_util.cc... 100%
Extract: json_util.h... 100%
Extract: json_util_test.cc... 100%
Extract: message_differencer.cc... 100%
Extract: message_differencer.h... 100%
Extract: message_differencer_unittest.cc... 100%
Extract: message_differencer_unittest.pb.cc... 100%
Extract: message_differencer_unittest.pb.h... 100%
Extract: message_differencer_unittest.proto... 100%
Extract: package_info.h... 100%
Extract: time_util.cc... 100%
Extract: time_util.h... 100%
Extract: time_util_test.cc... 100%
Extract: type_resolver.h... 100%
Extract: type_resolver_util.cc... 100%
Extract: type_resolver_util.h... 100%
Extract: type_resolver_util_test.cc... 100%
Output folder: c:\Elsiros\controllers\player\protobuf\include\google\protobuf\util\internal
Extract: constants.h... 100%
Extract: datapiece.cc... 100%
Extract: datapiece.h... 100%
Extract: default_value_objectwriter.cc... 100%
Extract: default_value_objectwriter.h... 100%
Extract: default_value_objectwriter_test.cc... 100%
Extract: error_listener.cc... 100%
Extract: error_listener.h... 100%
Extract: expecting_objectwriter.h... 100%
Extract: field_mask_utility.cc... 100%
Extract: field_mask_utility.h... 100%
Extract: json_escaping.cc... 100%
Extract: json_escaping.h... 100%
Extract: json_objectwriter.cc... 100%
Extract: json_objectwriter.h... 100%
Extract: json_objectwriter_test.cc... 100%
Extract: json_stream_parser.cc... 100%
Extract: json_stream_parser.h... 100%
Extract: json_stream_parser_test.cc... 100%
Extract: location_tracker.h... 100%
Extract: mock_error_listener.h... 100%
Extract: object_location_tracker.h... 100%
Extract: object_source.h... 100%
Extract: object_writer.cc... 100%
Extract: object_writer.h... 100%
Extract: proto_writer.cc... 100%
Extract: proto_writer.h... 100%
Extract: protostream_objectsource.cc... 100%
Extract: protostream_objectsource.h... 100%
Extract: protostream_objectsource_test.cc... 100%
Extract: protostream_objectwriter.cc... 100%
Extract: protostream_objectwriter.h... 100%
Extract: protostream_objectwriter_test.cc... 100%
Extract: structured_objectwriter.h... 100%
Extract: type_info.cc... 100%
Extract: type_info.h... 100%
Extract: type_info_test_helper.cc... 100%
Extract: type_info_test_helper.h... 100%
Extract: utility.cc... 100%
Extract: utility.h... 100%
Output folder: c:\Elsiros\controllers\player\protobuf\include\google\protobuf\util\internal\testdata
Extract: anys.pb.cc... 100%
Extract: anys.pb.h... 100%
Extract: anys.proto... 100%
Extract: books.pb.cc... 100%
Extract: books.pb.h... 100%
Extract: books.proto... 100%
Extract: default_value.pb.cc... 100%
Extract: default_value.pb.h... 100%
Extract: default_value.proto... 100%
Extract: default_value_test.pb.cc... 100%
Extract: default_value_test.pb.h... 100%
Extract: default_value_test.proto... 100%
Extract: field_mask.pb.cc... 100%
Extract: field_mask.pb.h... 100%
Extract: field_mask.proto... 100%
Extract: maps.pb.cc... 100%
Extract: maps.pb.h... 100%
Extract: maps.proto... 100%
Extract: oneofs.pb.cc... 100%
Extract: oneofs.pb.h... 100%
Extract: oneofs.proto... 100%
Extract: proto3.pb.cc... 100%
Extract: proto3.pb.h... 100%
Extract: proto3.proto... 100%
Extract: struct.pb.cc... 100%
Extract: struct.pb.h... 100%
Extract: struct.proto... 100%
Extract: timestamp_duration.pb.cc... 100%
Extract: timestamp_duration.pb.h... 100%
Extract: timestamp_duration.proto... 100%
Extract: wrappers.pb.cc... 100%
Extract: wrappers.pb.h... 100%
Extract: wrappers.proto... 100%
Output folder: c:\Elsiros\controllers\player\protobuf\lib
Extract: gmock.lib... 100%
Extract: gmock_main.lib... 100%
Extract: libprotobuf-lite.lib... 100%
Extract: libprotobuf.lib... 100%
Extract: libprotoc.lib... 100%
Extract: lite-arena-test.exe... 100%
Extract: lite-test.exe... 100%
Extract: protoc.exe... 100%
Extract: test_plugin.exe... 100%
Extract: tests.exe... 100%
Output folder: c:\Elsiros\controllers\referee
Extract: __init__.py
Extract: field.py... 100%
Extract: game.json... 100%
Extract: gamestate.py... 100%
Extract: referee.py... 100%
Extract: start_teams.py... 100%
Extract: team_1.json... 100%
Extract: team_2.json... 100%
Extract: udp_bouncer.py... 100%
Output folder: c:\Elsiros\controllers\referee_Robofest
Extract: __init__.py
Extract: field.py... 100%
Extract: game.json... 100%
Extract: gamestate.py... 100%
Extract: referee_Robofest.py... 100%
Extract: start_teams.py... 100%
Extract: team_1.json... 100%
Extract: team_2.json... 100%
Extract: udp_bouncer.py... 100%
Output folder: c:\Elsiros\controllers\sprint
Extract: sprint.py... 100%
Output folder: c:\Elsiros
Output folder: c:\Elsiros\protos
Extract: ElsirosField.proto... 100%
Extract: MarathonField.proto... 100%
Extract: SprintField.proto... 100%
Output folder: c:\Elsiros\protos\Robokit1
Extract: Robokit1.proto... 100%
Output folder: c:\Elsiros\protos\Robokit1\Robokit1_meshes
Extract: Robokit1_Arm_LeftMesh.proto... 100%
Extract: Robokit1_Arm_RightMesh.proto... 100%
Extract: Robokit1_BackpackMesh.proto... 100%
Extract: Robokit1_Elbow_LeftMesh.proto... 100%
Extract: Robokit1_Elbow_RightMesh.proto... 100%
Extract: Robokit1_Foot_LeftMesh.proto... 100%
Extract: Robokit1_Foot_RightMesh.proto... 100%
Extract: Robokit1_Forearm_LeftMesh.proto... 100%
Extract: Robokit1_Forearm_RightMesh.proto... 100%
Extract: Robokit1_Hand_LeftMesh.proto... 100%
Extract: Robokit1_Hand_RightMesh.proto... 100%
Extract: Robokit1_HeadMesh.proto... 100%
Extract: Robokit1_Hip_LeftMesh.proto... 100%
Extract: Robokit1_Hip_RightMesh.proto... 100%
Extract: Robokit1_Leg_Joint_Left01Mesh.proto... 100%
Extract: Robokit1_Leg_Joint_Left02Mesh.proto... 100%
Extract: Robokit1_Leg_Joint_Left03Mesh.proto... 100%
Extract: Robokit1_Leg_Joint_Right01Mesh.proto... 100%
Extract: Robokit1_Leg_Joint_Right02Mesh.proto... 100%
Extract: Robokit1_Leg_Joint_Right03Mesh.proto... 100%
Extract: Robokit1_NeckMesh.proto... 100%
Extract: Robokit1_Shin_LeftMesh.proto... 100%
Extract: Robokit1_Shin_RightMesh.proto... 100%
Extract: Robokit1_WaistMesh.proto... 100%
Extract: Robokit1_cameraMesh.proto... 100%
Extract: Robokit1_head_baseMesh.proto... 100%
Extract: Robokit1_left_footMesh.proto... 100%
Extract: Robokit1_num_01Mesh.proto... 100%
Extract: Robokit1_num_02Mesh.proto... 100%
Extract: Robokit1_num_03Mesh.proto... 100%
Extract: Robokit1_num_04Mesh.proto... 100%
Extract: Robokit1_num_05Mesh.proto... 100%
Extract: Robokit1_number_01Mesh.proto... 100%
Extract: Robokit1_number_02Mesh.proto... 100%
Extract: Robokit1_number_03Mesh.proto... 100%
Extract: Robokit1_number_04Mesh.proto... 100%
Extract: Robokit1_number_05Mesh.proto... 100%
Extract: Robokit1_right_footMesh.proto... 100%
Extract: Robokit1_trunkMesh.proto... 100%
Extract: Robokit1_trunk_1Mesh.proto... 100%
Output folder: c:\Elsiros\protos\robocup
Extract: Ball.proto... 100%
Extract: RobocupGoal.proto... 100%
Extract: RobocupSoccerField.proto... 100%
Output folder: c:\Elsiros\protos\robocup\textures
Extract: cyberbotics_logo.png... 100%
Extract: field_quarter_base_color.jpg... 100%
Extract: field_quarter_normal.jpg... 100%
Extract: field_quarter_occlusion.jpg
Extract: webots_logo.png... 100%
Output folder: c:\Elsiros\protos\textures
Extract: cyberbotics_logo.png... 100%
Extract: field_quarter_base_color.jpg... 100%
Extract: field_quarter_normal.jpg... 100%
Extract: field_quarter_occlusion.jpg
Extract: net.png... 100%
Extract: webots_logo.png... 100%
Output folder: c:\Elsiros
Output folder: c:\Elsiros\worlds
Extract: .elsiros_game.wbproj... 100%
Extract: .empty.wbproj... 100%
Extract: Robofest_2023_marathon.wbt... 100%
Extract: Robofest_2023_penalty.wbt... 100%
Extract: Robofest_2023_sprint.wbt... 100%
Extract: elsiros_game.wbt... 100%
Extract: elsiros_training.wbt... 100%
Output folder: c:\Elsiros\worlds\textures
Extract: metal.jpg... 100%
Output folder: c:\Elsiros
Output folder: c:\Elsiros\GameController
Extract: .gitignore... 100%
Extract: .travis.yml... 100%
Extract: AutoRefAPI.md... 100%
Extract: CHANGELOG.md... 100%
Extract: README.md... 100%
Extract: TCM.md... 100%
Extract: build.xml... 100%
Output folder: c:\Elsiros\GameController\build
Output folder: c:\Elsiros\GameController\build\classes
Extract: TestGameControlData.class... 100%
Extract: TestGamePreparationData.class... 100%
Extract: TestPrepTeam.class... 100%
Extract: TestRules.class... 100%
Extract: TestSecondaryState.class... 100%
Extract: TestTeamLoader.class... 100%
Output folder: c:\Elsiros\GameController\build\classes\actions
Extract: TestFreeKickAction.class... 100%
Extract: TestPenaltyKickAction.class... 100%
Extract: TestTimeOut.class... 100%
Output folder: c:\Elsiros\GameController\build\classes\actions\states
Extract: TestFinishAction.class... 100%
Output folder: c:\Elsiros\GameController\build\classes\analyzer
Extract: GUI$1.class... 100%
Extract: GUI$2.class... 100%
Extract: GUI$3.class... 100%
Extract: GUI$CheckListItem.class... 100%
Extract: GUI$CheckListRenderer.class... 100%
Extract: GUI.class... 100%
Extract: LogAnalyzer.class... 100%
Extract: LogInfo.class... 100%
Extract: Parser.class... 100%
Output folder: c:\Elsiros\GameController\build\classes\common
Extract: ApplicationLock.class... 100%
Extract: Log.class... 100%
Extract: TotalScaleLayout$TotalScaleComponent.class... 100%
Extract: TotalScaleLayout.class... 100%
Output folder: c:\Elsiros\GameController\build\classes\controller
Extract: Clock.class... 100%
Extract: EventHandler$1.class... 100%
Extract: EventHandler.class... 100%
Extract: GameController.class... 100%
Extract: GameControllerDebug.class... 100%
Extract: GameControllerSimulator.class... 100%
Extract: SystemClock.class... 100%
Output folder: c:\Elsiros\GameController\build\classes\controller\action
Extract: ActionBoard.class... 100%
Extract: ActionType.class... 100%
Extract: GCAction.class... 100%
Output folder: c:\Elsiros\GameController\build\classes\controller\action\clock
Extract: ClockTick.class... 100%
Output folder: c:\Elsiros\GameController\build\classes\controller\action\net
Extract: Manual.class... 100%
Extract: SPLCoachMessageReceived.class... 100%
Output folder: c:\Elsiros\GameController\build\classes\controller\action\ui
Extract: AbortGameInterruption.class... 100%
Extract: CancelUndo.class... 100%
Extract: CardIncrease.class... 100%
Extract: ClockPause.class... 100%
Extract: ClockReset.class... 100%
Extract: CornerKick.class... 100%
Extract: DirectFreeKick.class... 100%
Extract: DropBall.class... 100%
Extract: DropInPointsEvaluation.class... 100%
Extract: DropinPointDelta.class... 100%
Extract: GameInterruption.class... 100%
Extract: GlobalStuck.class... 100%
Extract: Goal.class... 100%
Extract: GoalKick.class... 100%
Extract: IncGameClock.class... 100%
Extract: IndirectFreeKick.class... 100%
Extract: KickOff.class... 100%
Extract: MakeGoalieAction.class... 100%
Extract: Out.class... 100%
Extract: PenaltyKick.class... 100%
Extract: Quit.class... 100%
Extract: RefereeTimeout.class... 100%
Extract: RetakeGameInterruption.class... 100%
Extract: Robot.class... 100%
Extract: TeammatePushing.class... 100%
Extract: Testmode.class... 100%
Extract: ThrowIn.class... 100%
Extract: TimeOut.class... 100%
Extract: Undo.class... 100%
Output folder: c:\Elsiros\GameController\build\classes\controller\action\ui\half
Extract: FirstHalf.class... 100%
Extract: FirstHalfOvertime.class... 100%
Extract: PenaltyShoot.class... 100%
Extract: SecondHalf.class... 100%
Extract: SecondHalfOvertime.class... 100%
Output folder: c:\Elsiros\GameController\build\classes\controller\action\ui\penalty
Extract: BallManipulation.class... 100%
Extract: HLPushing.class... 100%
Extract: Penalty.class... 100%
Extract: PickUpHL.class... 100%
Extract: Substitute.class... 100%
Output folder: c:\Elsiros\GameController\build\classes\controller\action\ui\state
Extract: Finish.class... 100%
Extract: Initial.class... 100%
Extract: Play.class... 100%
Extract: Ready.class... 100%
Extract: Set.class... 100%
Output folder: c:\Elsiros\GameController\build\classes\controller\net
Extract: AutoRefServer.class... 100%
Extract: GameControlReturnDataReceiver.class... 100%
Extract: RobotOnlineStatus.class... 100%
Extract: RobotWatcher.class... 100%
Extract: SPLCoachMessageReceiver.class... 100%
Extract: Sender.class... 100%
Output folder: c:\Elsiros\GameController\build\classes\controller\ui
Extract: GCGUI.class... 100%
Extract: KeyboardListener.class... 100%
Output folder: c:\Elsiros\GameController\build\classes\controller\ui\gameplay
Extract: CommonGUI.class... 100%
Extract: GUI$1.class... 100%
Extract: GUI.class... 100%
Output folder: c:\Elsiros\GameController\build\classes\controller\ui\helper
Extract: FontHelper.class... 100%
Output folder: c:\Elsiros\GameController\build\classes\controller\ui\localization
Extract: Localization.class... 100%
Extract: LocalizationManager.class... 100%
Output folder: c:\Elsiros\GameController\build\classes\controller\ui\setup
Extract: ImagePanel.class... 100%
Extract: StartInput$1.class... 100%
Extract: StartInput$2.class... 100%
Extract: StartInput$3.class... 100%
Extract: StartInput$4.class... 100%
Extract: StartInput$5.class... 100%
Extract: StartInput$6.class... 100%
Extract: StartInput$7.class... 100%
Extract: StartInput$8.class... 100%
Extract: StartInput.class... 100%
Output folder: c:\Elsiros\GameController\build\classes\controller\ui\ui
Extract: AbstractUI$1.class... 100%
Extract: AbstractUI.class... 100%
Output folder: c:\Elsiros\GameController\build\classes\controller\ui\ui\components
Extract: AbstractComponent.class... 100%
Extract: ClockComponent.class... 100%
Extract: DropInStatSnippet.class... 100%
Extract: DropInTeamComponent.class... 100%
Extract: GameMetaInfo.class... 100%
Extract: GameStateComponent.class... 100%
Extract: GameStateHistoryLogger.class... 100%
Extract: HLTeamActions.class... 100%
Extract: PenaltyComponent.class... 100%
Extract: Refreshable.class... 100%
Extract: Robot$1.class... 100%
Extract: Robot.class... 100%
Extract: RobotWithDropInCounter.class... 100%
Extract: SequenceGameStates.class... 100%
Extract: SimulatorUpdateComponent.class... 100%
Extract: TeamActions.class... 100%
Extract: TeamComponent.class... 100%
Extract: YellowRedCardTeamComponent.class... 100%
Output folder: c:\Elsiros\GameController\build\classes\controller\ui\ui\composites
Extract: HL_DropIn.class... 100%
Extract: HL_GUI.class... 100%
Extract: HL_SimGui.class... 100%
Output folder: c:\Elsiros\GameController\build\classes\controller\ui\ui\customized
Extract: AbortButton.class... 100%
Extract: BestFitImagePanel.class... 100%
Extract: Button.class... 100%
Extract: CountDownBar.class... 100%
Extract: GameInterruptionButton.class... 100%
Extract: ImageButton.class... 100%
Extract: ImagePanel.class... 100%
Extract: JMultiStepIndicatorButton.class... 100%
Extract: RetakeButton.class... 100%
Extract: ToggleButton$1.class... 100%
Extract: ToggleButton.class... 100%
Output folder: c:\Elsiros\GameController\build\classes\data
Extract: Helper.class... 100%
Extract: PlayerInfo.class... 100%
Extract: Rules.class... 100%
Extract: Teams$Info.class... 100%
Extract: Teams.class... 100%
Output folder: c:\Elsiros\GameController\build\classes\data\communication
Extract: GameControlData.class... 100%
Extract: GameControlReturnData.class... 100%
Extract: TeamInfo.class... 100%
Output folder: c:\Elsiros\GameController\build\classes\data\hl
Extract: HL.class... 100%
Extract: HLAdult.class... 100%
Extract: HLDropIn.class... 100%
Extract: HLDropIn2.class... 100%
Extract: HLDropIn3.class... 100%
Extract: HLDropIn4.class... 100%
Extract: HLDropIn5.class... 100%
Extract: HLSim.class... 100%
Extract: HLSimulationAdult.class... 100%
Extract: HLSimulationJunior.class... 100%
Extract: HLSimulationKid.class... 100%
Extract: HLTeen.class... 100%
Output folder: c:\Elsiros\GameController\build\classes\data\spl
Extract: SPLCoachMessage.class... 100%
Extract: SPLStandardMessage$Intention.class... 100%
Extract: SPLStandardMessage$Suggestion.class... 100%
Extract: SPLStandardMessage.class... 100%
Output folder: c:\Elsiros\GameController\build\classes\data\states
Extract: AdvancedData$PenaltyQueueData.class... 100%
Extract: AdvancedData.class... 100%
Extract: ExtraClock.class... 100%
Extract: GameClock.class... 100%
Extract: GamePreparationData.class... 100%
Extract: PrepTeam.class... 100%
Extract: SecondaryStateInfo.class... 100%
Output folder: c:\Elsiros\GameController\build\classes\data\teams
Extract: TeamLoadInfo.class... 100%
Extract: TeamsLoader.class... 100%
Output folder: c:\Elsiros\GameController\build\classes\data\values
Extract: DocumentingMarkdown.class... 100%
Extract: GameStates.class... 100%
Extract: GameTypes.class... 100%
Extract: Penalties.class... 100%
Extract: PlayerResponses.class... 100%
Extract: ProtocolHelper.class... 100%
Extract: SecondaryGameStates$1.class... 100%
Extract: SecondaryGameStates.class... 100%
Extract: Side.class... 100%
Extract: TeamColors$1.class... 100%
Extract: TeamColors.class... 100%
Output folder: c:\Elsiros\GameController\build\classes\teamcomm
Extract: Config.class... 100%
Extract: PluginLoader$1.class... 100%
Extract: PluginLoader.class... 100%
Extract: TeamCommunicationMonitor.class... 100%
Output folder: c:\Elsiros\GameController\build\classes\teamcomm\data
Extract: AdvancedMessage.class... 100%
Extract: GameState$1.class... 100%
Extract: GameState$2.class... 100%
Extract: GameState.class... 100%
Extract: RobotState$ConnectionStatus.class... 100%
Extract: RobotState.class... 100%
Output folder: c:\Elsiros\GameController\build\classes\teamcomm\data\event
Extract: RobotStateEvent.class... 100%
Extract: RobotStateEventListener.class... 100%
Extract: TeamEvent.class... 100%
Extract: TeamEventListener.class... 100%
Output folder: c:\Elsiros\GameController\build\classes\teamcomm\gui
Extract: Camera.class... 100%
Extract: LogReplayFrame$1$1.class... 100%
Extract: LogReplayFrame$1$2.class... 100%
Extract: LogReplayFrame$1$3.class... 100%
Extract: LogReplayFrame$1$4.class... 100%
Extract: LogReplayFrame$1$5.class... 100%
Extract: LogReplayFrame$1$6.class... 100%
Extract: LogReplayFrame$1.class... 100%
Extract: LogReplayFrame.class... 100%
Extract: MainWindow$1.class... 100%
Extract: MainWindow$2.class... 100%
Extract: MainWindow$3.class... 100%
Extract: MainWindow$4.class... 100%
Extract: MainWindow$5.class... 100%
Extract: MainWindow$6.class... 100%
Extract: MainWindow$7.class... 100%
Extract: MainWindow.class... 100%
Extract: RobotDetailFrame$1$1.class... 100%
Extract: RobotDetailFrame$1.class... 100%
Extract: RobotDetailFrame$2.class... 100%
Extract: RobotDetailFrame.class... 100%
Extract: RobotPanel$1$1.class... 100%
Extract: RobotPanel$1.class... 100%
Extract: RobotPanel$2.class... 100%
Extract: RobotPanel$3.class... 100%
Extract: RobotPanel$4.class... 100%
Extract: RobotPanel$5.class... 100%
Extract: RobotPanel.class... 100%
Extract: TeamLogoLoader.class... 100%
Extract: View3D$1.class... 100%
Extract: View3D.class... 100%
Extract: View3DCanvas$1.class... 100%
Extract: View3DCanvas$2.class... 100%
Extract: View3DCanvas$3.class... 100%
Extract: View3DCanvas.class... 100%
Extract: View3DGSV$1.class... 100%
Extract: View3DGSV$2.class... 100%
Extract: View3DGSV$3.class... 100%
Extract: View3DGSV$4.class... 100%
Extract: View3DGSV$BackgroundAlign.class... 100%
Extract: View3DGSV.class... 100%
Output folder: c:\Elsiros\GameController\build\classes\teamcomm\gui\drawings
Extract: Drawing.class... 100%
Extract: Image.class... 100%
Extract: PerPlayer.class... 100%
Extract: RoSi2Element$1.class... 100%
Extract: RoSi2Element$Appearance.class... 100%
Extract: RoSi2Element$Body.class... 100%
Extract: RoSi2Element$BoxAppearance.class... 100%
Extract: RoSi2Element$CapsuleAppearance.class... 100%
Extract: RoSi2Element$ComplexAppearance.class... 100%
Extract: RoSi2Element$Compound.class... 100%
Extract: RoSi2Element$CylinderAppearance.class... 100%
Extract: RoSi2Element$InputFileState.class... 100%
Extract: RoSi2Element$Normals$Normal.class... 100%
Extract: RoSi2Element$Normals.class... 100%
Extract: RoSi2Element$PrimitiveGroup.class... 100%
Extract: RoSi2Element$RoSi2Drawable.class... 100%
Extract: RoSi2Element$RoSi2ParseException.class... 100%
Extract: RoSi2Element$Rotation.class... 100%
Extract: RoSi2Element$SphereAppearance.class... 100%
Extract: RoSi2Element$Surface.class... 100%
Extract: RoSi2Element$TexCoords$TexCoord.class... 100%
Extract: RoSi2Element$TexCoords.class... 100%
Extract: RoSi2Element$Translation.class... 100%
Extract: RoSi2Element$Vertices$Vertex.class... 100%
Extract: RoSi2Element$Vertices.class... 100%
Extract: RoSi2Element.class... 100%
Extract: RoSi2Loader.class... 100%
Extract: Static.class... 100%
Extract: Text.class... 100%
Extract: TextureLoader$Texture.class... 100%
Extract: TextureLoader.class... 100%
Output folder: c:\Elsiros\GameController\build\classes\teamcomm\gui\drawings\common
Extract: Ball.class... 100%
Extract: Field.class... 100%
Extract: FieldSmall.class... 100%
Extract: GameControllerInfo.class... 100%
Extract: Player.class... 100%
Extract: PlayerNumber.class... 100%
Extract: PlayerTarget.class... 100%
Output folder: c:\Elsiros\GameController\build\classes\teamcomm\net
Extract: GameControlDataReceiver.class... 100%
Extract: SPLStandardMessagePackage.class... 100%
Extract: SPLStandardMessageReceiver$ReceiverThread.class... 100%
Extract: SPLStandardMessageReceiver.class... 100%
Extract: SPLStandardMessageReceiverTCM.class... 100%
Output folder: c:\Elsiros\GameController\build\classes\teamcomm\net\logging
Extract: LogReplayEvent.class... 100%
Extract: LogReplayEventListener.class... 100%
Extract: LogReplayTask$LoggedObject.class... 100%
Extract: LogReplayTask.class... 100%
Extract: LogReplayer.class... 100%
Extract: Logger.class... 100%
Output folder: c:\Elsiros\GameController\build\classes\ui
Output folder: c:\Elsiros\GameController\build\classes\ui\components
Extract: TestTeamComponent.class... 100%
Output folder: c:\Elsiros\GameController\build\jar
Extract: GameController.jar... 100%
Extract: GameControllerSimulator.jar... 100%
Extract: LogAnalyzer.jar... 100%
Extract: ProtocolHelper.jar... 100%
Extract: README.txt... 100%
Extract: TCM.txt... 100%
Extract: TeamCommunicationMonitor.jar... 100%
Extract: error.txt... 100%
Output folder: c:\Elsiros\GameController\build\jar\config
Output folder: c:\Elsiros\GameController\build\jar\config\hl_adult
Extract: 25.jpg... 100%
Extract: 26.jpg... 100%
Extract: 27.png... 100%
Extract: 28.png... 100%
Extract: background.jpg... 100%
Extract: teams.cfg... 100%
Output folder: c:\Elsiros\GameController\build\jar\config\hl_dropin
Extract: 31.png
Extract: 32.png... 100%
Extract: background.jpg... 100%
Extract: teams.cfg... 100%
Output folder: c:\Elsiros\GameController\build\jar\config\hl_kid
Extract: 10.png
Extract: 11.png... 100%
Extract: 12.png... 100%
Extract: 13.png... 100%
Extract: 2.png... 100%
Extract: 3.png... 100%
Extract: 6.png... 100%
Extract: 7.jpg... 100%
Extract: background.jpg... 100%
Extract: teams.cfg... 100%
Output folder: c:\Elsiros\GameController\build\jar\config\hl_sim_adult
Extract: 25.jpg... 100%
Extract: 27.png... 100%
Extract: background.jpg... 100%
Extract: teams.cfg... 100%
Output folder: c:\Elsiros\GameController\build\jar\config\hl_sim_junior
Extract: 11.png
Extract: 14.png... 100%
Extract: 3.png... 100%
Extract: 4.png... 100%
Extract: background.jpg... 100%
Extract: teams.cfg... 100%
Output folder: c:\Elsiros\GameController\build\jar\config\hl_sim_kid
Extract: 11.png
Extract: 14.png... 100%
Extract: 3.png... 100%
Extract: 4.png... 100%
Extract: background.jpg... 100%
Extract: teams.cfg... 100%
Output folder: c:\Elsiros\GameController\build\jar\config\hl_teen
Extract: 18.png... 100%
Extract: 20.png
Extract: 21.png... 100%
Extract: 22.png... 100%
Extract: 23.png... 100%
Extract: 24.png... 100%
Extract: background.jpg... 100%
Extract: teams.cfg... 100%
Output folder: c:\Elsiros\GameController\build\jar\config\icons
Extract: field.png... 100%
Extract: goalkeeper.png
Extract: goalkeeper_fade.png
Extract: pause.png... 100%
Extract: play.png... 100%
Extract: plus.png... 100%
Extract: reset.png... 100%
Extract: time_ground.png
Extract: time_ground_small.png
Extract: timeline_ground.png... 100%
Extract: wlan_status_green.png... 100%
Extract: wlan_status_grey.png... 100%
Extract: wlan_status_red.png... 100%
Extract: wlan_status_yellow.png... 100%
Output folder: c:\Elsiros\GameController\build\jar\config\icons\hl_adult
Extract: robot_left_blue.png... 100%
Extract: robot_left_red.png... 100%
Extract: robot_right_blue.png... 100%
Extract: robot_right_red.png... 100%
Output folder: c:\Elsiros\GameController\build\jar\config\icons\hl_kid
Extract: robot_left_blue.png... 100%
Extract: robot_left_red.png... 100%
Extract: robot_right_blue.png... 100%
Extract: robot_right_red.png... 100%
Output folder: c:\Elsiros\GameController\build\jar\config\icons\hl_teen
Extract: robot_left_blue.png... 100%
Extract: robot_left_red.png... 100%
Extract: robot_right_blue.png... 100%
Extract: robot_right_red.png... 100%
Output folder: c:\Elsiros\GameController\build\jar\config\icons\spl
Extract: robot_left_black.png... 100%
Extract: robot_left_blue.png... 100%
Extract: robot_left_brown.png... 100%
Extract: robot_left_gray.png... 100%
Extract: robot_left_green.png... 100%
Extract: robot_left_orange.png... 100%
Extract: robot_left_purple.png... 100%
Extract: robot_left_red.png... 100%
Extract: robot_left_white.png... 100%
Extract: robot_left_yellow.png... 100%
Extract: robot_right_black.png... 100%
Extract: robot_right_blue.png... 100%
Extract: robot_right_brown.png... 100%
Extract: robot_right_gray.png... 100%
Extract: robot_right_green.png... 100%
Extract: robot_right_orange.png... 100%
Extract: robot_right_purple.png... 100%
Extract: robot_right_red.png... 100%
Extract: robot_right_white.png... 100%
Extract: robot_right_yellow.png... 100%
Output folder: c:\Elsiros\GameController\build\jar\config\icons\spl_dropin
Extract: robot_left_blue.png... 100%
Extract: robot_left_red.png... 100%
Extract: robot_right_blue.png... 100%
Extract: robot_right_red.png... 100%
Output folder: c:\Elsiros\GameController\build\jar\config\old_logos
Extract: 1.png... 100%
Extract: 15.png... 100%
Extract: 19.png... 100%
Extract: 23.png... 100%
Extract: 34.png... 100%
Extract: 8.png... 100%
Extract: 9.png... 100%
Output folder: c:\Elsiros\GameController\build\jar\config\sim
Extract: game.json... 100%
Output folder: c:\Elsiros\GameController\build\jar\config\spl
Extract: 1.png... 100%
Extract: 10.gif... 100%
Extract: 11.png... 100%
Extract: 12.gif... 100%
Extract: 13.png... 100%
Extract: 14.png... 100%
Extract: 15.png... 100%
Extract: 16.png... 100%
Extract: 17.png... 100%
Extract: 18.png... 100%
Extract: 19.png... 100%
Extract: 2.gif... 100%
Extract: 20.png... 100%
Extract: 21.png... 100%
Extract: 22.png... 100%
Extract: 23.png... 100%
Extract: 24.png... 100%
Extract: 26.gif... 100%
Extract: 27.png... 100%
Extract: 28.png... 100%
Extract: 29.png... 100%
Extract: 3.gif... 100%
Extract: 30.png... 100%
Extract: 31.png... 100%
Extract: 32.png... 100%
Extract: 33.png... 100%
Extract: 34.png... 100%
Extract: 35.png... 100%
Extract: 36.png... 100%
Extract: 37.png... 100%
Extract: 38.png... 100%
Extract: 39.png... 100%
Extract: 4.gif... 100%
Extract: 41.png... 100%
Extract: 44.png... 100%
Extract: 5.png... 100%
Extract: 6.gif... 100%
Extract: 7.png... 100%
Extract: 8.png... 100%
Extract: 9.png... 100%
Extract: backgroundr.png... 100%
Extract: teams.cfg... 100%
Output folder: c:\Elsiros\GameController\build\jar\config\spl_dropin
Extract: 98.png... 100%
Extract: 99.png... 100%
Extract: backgroundr.jpg... 100%
Extract: teams.cfg... 100%
Output folder: c:\Elsiros\GameController\build\jar\deps
Extract: gluegen-rt-natives-android-aarch64.jar... 100%
Extract: gluegen-rt-natives-android-armv6.jar... 100%
Extract: gluegen-rt-natives-linux-amd64.jar... 100%
Extract: gluegen-rt-natives-linux-armv6.jar... 100%
Extract: gluegen-rt-natives-linux-armv6hf.jar... 100%
Extract: gluegen-rt-natives-linux-i586.jar... 100%
Extract: gluegen-rt-natives-macosx-universal.jar... 100%
Extract: gluegen-rt-natives-solaris-amd64.jar... 100%
Extract: gluegen-rt-natives-solaris-i586.jar... 100%
Extract: gluegen-rt-natives-windows-amd64.jar... 100%
Extract: gluegen-rt-natives-windows-i586.jar... 100%
Extract: gluegen-rt.jar... 100%
Extract: hamcrest-core-1.3.jar... 100%
Extract: javax.servlet.jar... 100%
Extract: jogl-all-natives-android-aarch64.jar... 100%
Extract: jogl-all-natives-android-armv6.jar... 100%
Extract: jogl-all-natives-linux-amd64.jar... 100%
Extract: jogl-all-natives-linux-armv6.jar... 100%
Extract: jogl-all-natives-linux-armv6hf.jar... 100%
Extract: jogl-all-natives-linux-i586.jar... 100%
Extract: jogl-all-natives-macosx-universal.jar... 100%
Extract: jogl-all-natives-solaris-amd64.jar... 100%
Extract: jogl-all-natives-solaris-i586.jar... 100%
Extract: jogl-all-natives-windows-amd64.jar... 100%
Extract: jogl-all-natives-windows-i586.jar... 100%
Extract: jogl-all.jar... 100%
Extract: json-simple-1.1.jar... 100%
Extract: junit-4.12.jar... 100%
Output folder: c:\Elsiros\GameController\build\jar\include
Extract: RoboCupGameControlData.h... 100%
Extract: SPLCoachMessage.h... 100%
Extract: SPLStandardMessage.h... 100%
Output folder: c:\Elsiros\GameController\build\jar\lib
Extract: libgamectrl.so... 100%
Output folder: c:\Elsiros\GameController\build\jar\logs
Output folder: c:\Elsiros\GameController\build\jar\logs_teamcomm
Output folder: c:\Elsiros\GameController\build\jar\plugins
Extract: common.jar... 100%
Output folder: c:\Elsiros\GameController\build\jar\plugins\05
Output folder: c:\Elsiros\GameController\build\jar\plugins\05\resources
Extract: MessageIDs.h... 100%
Extract: whistle.png... 100%
Output folder: c:\Elsiros\GameController\build\jar\scene
Extract: Ball2010SPL.rsi2... 100%
Extract: Field2015SPL.rsi2... 100%
Extract: NaoV4H21.rsi2... 100%
Extract: TeamComm.ros2... 100%
Output folder: c:\Elsiros\GameController\build\jar\scene\Textures
Extract: ascii.png... 100%
Extract: net.png... 100%
Extract: shadow.png
Extract: textures-button_gray.png... 100%
Extract: textures-ear.png... 100%
Output folder: c:\Elsiros\GameController\deps
Extract: gluegen-rt-natives-android-aarch64.jar... 100%
Extract: gluegen-rt-natives-android-armv6.jar... 100%
Extract: gluegen-rt-natives-linux-amd64.jar... 100%
Extract: gluegen-rt-natives-linux-armv6.jar... 100%
Extract: gluegen-rt-natives-linux-armv6hf.jar... 100%
Extract: gluegen-rt-natives-linux-i586.jar... 100%
Extract: gluegen-rt-natives-macosx-universal.jar... 100%
Extract: gluegen-rt-natives-solaris-amd64.jar... 100%
Extract: gluegen-rt-natives-solaris-i586.jar... 100%
Extract: gluegen-rt-natives-windows-amd64.jar... 100%
Extract: gluegen-rt-natives-windows-i586.jar... 100%
Extract: gluegen-rt.jar... 100%
Extract: hamcrest-core-1.3.jar... 100%
Extract: javax.servlet.jar... 100%
Extract: jogl-all-natives-android-aarch64.jar... 100%
Extract: jogl-all-natives-android-armv6.jar... 100%
Extract: jogl-all-natives-linux-amd64.jar... 100%
Extract: jogl-all-natives-linux-armv6.jar... 100%
Extract: jogl-all-natives-linux-armv6hf.jar... 100%
Extract: jogl-all-natives-linux-i586.jar... 100%
Extract: jogl-all-natives-macosx-universal.jar... 100%
Extract: jogl-all-natives-solaris-amd64.jar... 100%
Extract: jogl-all-natives-solaris-i586.jar... 100%
Extract: jogl-all-natives-windows-amd64.jar... 100%
Extract: jogl-all-natives-windows-i586.jar... 100%
Extract: jogl-all.jar... 100%
Extract: json-simple-1.1.jar... 100%
Extract: junit-4.12.jar... 100%
Output folder: c:\Elsiros\GameController\include
Extract: RoboCupGameControlData.h... 100%
Extract: SPLCoachMessage.h... 100%
Extract: SPLStandardMessage.h... 100%
Output folder: c:\Elsiros\GameController\lib
Extract: libgamectrl.so... 100%
Output folder: c:\Elsiros\GameController\protocols
Output folder: c:\Elsiros\GameController\protocols\python
Extract: gamestate.py... 100%
Extract: receiver.py... 100%
Output folder: c:\Elsiros\GameController\resources
Output folder: c:\Elsiros\GameController\resources\config
Output folder: c:\Elsiros\GameController\resources\config\hl_adult
Extract: 25.jpg... 100%
Extract: 26.jpg... 100%
Extract: 27.png... 100%
Extract: 28.png... 100%
Extract: background.jpg... 100%
Extract: teams.cfg... 100%
Output folder: c:\Elsiros\GameController\resources\config\hl_dropin
Extract: 31.png
Extract: 32.png... 100%
Extract: background.jpg... 100%
Extract: teams.cfg... 100%
Output folder: c:\Elsiros\GameController\resources\config\hl_kid
Extract: 10.png
Extract: 11.png... 100%
Extract: 12.png... 100%
Extract: 13.png... 100%
Extract: 2.png... 100%
Extract: 3.png... 100%
Extract: 6.png... 100%
Extract: 7.jpg... 100%
Extract: background.jpg... 100%
Extract: teams.cfg... 100%
Output folder: c:\Elsiros\GameController\resources\config\hl_sim_adult
Extract: 25.jpg... 100%
Extract: 27.png... 100%
Extract: background.jpg... 100%
Extract: teams.cfg... 100%
Output folder: c:\Elsiros\GameController\resources\config\hl_sim_junior
Extract: 11.png
Extract: 14.png... 100%
Extract: 3.png... 100%
Extract: 4.png... 100%
Extract: background.jpg... 100%
Extract: teams.cfg
Output folder: c:\Elsiros\GameController\resources\config\hl_sim_kid
Extract: 11.png
Extract: 14.png... 100%
Extract: 3.png... 100%
Extract: 4.png... 100%
Extract: background.jpg... 100%
Extract: teams.cfg... 100%
Output folder: c:\Elsiros\GameController\resources\config\hl_teen
Extract: 18.png... 100%
Extract: 20.png
Extract: 21.png... 100%
Extract: 22.png... 100%
Extract: 23.png... 100%
Extract: 24.png... 100%
Extract: background.jpg... 100%
Extract: teams.cfg... 100%
Output folder: c:\Elsiros\GameController\resources\config\icons
Extract: field.png... 100%
Extract: goalkeeper.png
Extract: goalkeeper_fade.png
Extract: pause.png... 100%
Extract: play.png... 100%
Extract: plus.png... 100%
Extract: reset.png... 100%
Extract: time_ground.png
Extract: time_ground_small.png
Extract: timeline_ground.png... 100%
Extract: wlan_status_green.png... 100%
Extract: wlan_status_grey.png... 100%
Extract: wlan_status_red.png... 100%
Extract: wlan_status_yellow.png... 100%
Output folder: c:\Elsiros\GameController\resources\config\icons\hl_adult
Extract: robot_left_blue.png... 100%
Extract: robot_left_red.png... 100%
Extract: robot_right_blue.png... 100%
Extract: robot_right_red.png... 100%
Output folder: c:\Elsiros\GameController\resources\config\icons\hl_kid
Extract: robot_left_blue.png... 100%
Extract: robot_left_red.png... 100%
Extract: robot_right_blue.png... 100%
Extract: robot_right_red.png... 100%
Output folder: c:\Elsiros\GameController\resources\config\icons\hl_teen
Extract: robot_left_blue.png... 100%
Extract: robot_left_red.png... 100%
Extract: robot_right_blue.png... 100%
Extract: robot_right_red.png... 100%
Output folder: c:\Elsiros\GameController\resources\config\icons\spl
Extract: robot_left_black.png... 100%
Extract: robot_left_blue.png... 100%
Extract: robot_left_brown.png... 100%
Extract: robot_left_gray.png... 100%
Extract: robot_left_green.png... 100%
Extract: robot_left_orange.png... 100%
Extract: robot_left_purple.png... 100%
Extract: robot_left_red.png... 100%
Extract: robot_left_white.png... 100%
Extract: robot_left_yellow.png... 100%
Extract: robot_right_black.png... 100%
Extract: robot_right_blue.png... 100%
Extract: robot_right_brown.png... 100%
Extract: robot_right_gray.png... 100%
Extract: robot_right_green.png... 100%
Extract: robot_right_orange.png... 100%
Extract: robot_right_purple.png... 100%
Extract: robot_right_red.png... 100%
Extract: robot_right_white.png... 100%
Extract: robot_right_yellow.png... 100%
Output folder: c:\Elsiros\GameController\resources\config\icons\spl_dropin
Extract: robot_left_blue.png... 100%
Extract: robot_left_red.png... 100%
Extract: robot_right_blue.png... 100%
Extract: robot_right_red.png... 100%
Output folder: c:\Elsiros\GameController\resources\config\old_logos
Extract: 1.png... 100%
Extract: 15.png... 100%
Extract: 19.png... 100%
Extract: 23.png... 100%
Extract: 34.png... 100%
Extract: 8.png... 100%
Extract: 9.png... 100%
Output folder: c:\Elsiros\GameController\resources\config\sim
Extract: game.json... 100%
Output folder: c:\Elsiros\GameController\resources\config\spl
Extract: 1.png... 100%
Extract: 10.gif... 100%
Extract: 11.png... 100%
Extract: 12.gif... 100%
Extract: 13.png... 100%
Extract: 14.png... 100%
Extract: 15.png... 100%
Extract: 16.png... 100%
Extract: 17.png... 100%
Extract: 18.png... 100%
Extract: 19.png... 100%
Extract: 2.gif... 100%
Extract: 20.png... 100%
Extract: 21.png... 100%
Extract: 22.png... 100%
Extract: 23.png... 100%
Extract: 24.png... 100%
Extract: 26.gif... 100%
Extract: 27.png... 100%
Extract: 28.png... 100%
Extract: 29.png... 100%
Extract: 3.gif... 100%
Extract: 30.png... 100%
Extract: 31.png... 100%
Extract: 32.png... 100%
Extract: 33.png... 100%
Extract: 34.png... 100%
Extract: 35.png... 100%
Extract: 36.png... 100%
Extract: 37.png... 100%
Extract: 38.png... 100%
Extract: 39.png... 100%
Extract: 4.gif... 100%
Extract: 41.png... 100%
Extract: 44.png... 100%
Extract: 5.png... 100%
Extract: 6.gif... 100%
Extract: 7.png... 100%
Extract: 8.png... 100%
Extract: 9.png... 100%
Extract: backgroundr.png... 100%
Extract: teams.cfg... 100%
Output folder: c:\Elsiros\GameController\resources\config\spl_dropin
Extract: 98.png... 100%
Extract: 99.png... 100%
Extract: backgroundr.jpg... 100%
Extract: teams.cfg... 100%
Output folder: c:\Elsiros\GameController\resources\plugins
Output folder: c:\Elsiros\GameController\resources\plugins\05
Output folder: c:\Elsiros\GameController\resources\plugins\05\B-Human
Extract: build.xml... 100%
Output folder: c:\Elsiros\GameController\resources\plugins\05\B-Human\src
Output folder: c:\Elsiros\GameController\resources\plugins\05\B-Human\src\bhuman
Output folder: c:\Elsiros\GameController\resources\plugins\05\B-Human\src\bhuman\drawings
Extract: Goal.java... 100%
Extract: Obstacle.java... 100%
Extract: Thumbnail.java... 100%
Extract: WhistleHeard.java... 100%
Output folder: c:\Elsiros\GameController\resources\plugins\05\B-Human\src\bhuman\message
Extract: BHumanMessage.java... 100%
Extract: Message.java... 100%
Extract: MessageQueue.java... 100%
Extract: Thumbnail.java... 100%
Output folder: c:\Elsiros\GameController\resources\plugins\05\B-Human\src\bhuman\message\data
Extract: Angle.java... 100%
Extract: ArrayReader.java... 100%
Extract: Eigen.java... 100%
Extract: EnumReader.java... 100%
Extract: JointData.java... 100%
Extract: NativeReaders.java... 100%
Extract: Role.java... 100%
Extract: SimpleStreamReader.java... 100%
Extract: StreamReader.java... 100%
Output folder: c:\Elsiros\GameController\resources\plugins\05\B-Human\src\bhuman\message\messages
Extract: BehaviorStatus.java... 100%
Extract: GoalPercept.java... 100%
Extract: NetworkThumbnail.java... 100%
Extract: ObstacleModelCompressed.java... 100%
Extract: RobotHealth.java... 100%
Extract: Whistle.java... 100%
Output folder: c:\Elsiros\GameController\resources\plugins\05\B-Human\src\util
Extract: Unsigned.java... 100%
Output folder: c:\Elsiros\GameController\resources\plugins\05\resources
Extract: MessageIDs.h... 100%
Extract: whistle.png... 100%
Output folder: c:\Elsiros\GameController\resources\scene
Extract: Ball2010SPL.rsi2... 100%
Extract: Field2015SPL.rsi2... 100%
Extract: NaoV4H21.rsi2... 100%
Extract: TeamComm.ros2... 100%
Output folder: c:\Elsiros\GameController\resources\scene\Textures
Extract: ascii.png... 100%
Extract: net.png... 100%
Extract: shadow.png
Extract: textures-button_gray.png... 100%
Extract: textures-ear.png... 100%
Output folder: c:\Elsiros\GameController\sim_client
Extract: main.py... 100%
Output folder: c:\Elsiros\GameController\src
Output folder: c:\Elsiros\GameController\src\.vs
Extract: ProjectSettings.json
Extract: VSWorkspaceState.json... 100%
Extract: slnx.sqlite... 100%
Output folder: c:\Elsiros\GameController\src\.vs\src
Output folder: c:\Elsiros\GameController\src\.vs\src\v16
Extract: .suo... 100%
Extract: Browse.VC.db... 100%
Output folder: c:\Elsiros\GameController\src\analyzer
Extract: GUI.java... 100%
Extract: LogAnalyzer.java... 100%
Extract: LogInfo.java... 100%
Extract: Parser.java... 100%
Output folder: c:\Elsiros\GameController\src\common
Extract: ApplicationLock.java... 100%
Extract: Log.java... 100%
Extract: TotalScaleLayout.java... 100%
Output folder: c:\Elsiros\GameController\src\controller
Extract: Clock.java... 100%
Extract: EventHandler.java... 100%
Extract: GameController.java... 100%
Extract: GameControllerDebug.java... 100%
Extract: GameControllerSimulator.java... 100%
Extract: SystemClock.java... 100%
Output folder: c:\Elsiros\GameController\src\controller\action
Extract: ActionBoard.java... 100%
Extract: ActionType.java... 100%
Extract: GCAction.java... 100%
Output folder: c:\Elsiros\GameController\src\controller\action\clock
Extract: ClockTick.java... 100%
Output folder: c:\Elsiros\GameController\src\controller\action\net
Extract: Manual.java... 100%
Extract: SPLCoachMessageReceived.java... 100%
Output folder: c:\Elsiros\GameController\src\controller\action\ui
Extract: AbortGameInterruption.java... 100%
Extract: CancelUndo.java... 100%
Extract: CardIncrease.java... 100%
Extract: ClockPause.java... 100%
Extract: ClockReset.java... 100%
Extract: CornerKick.java... 100%
Extract: DirectFreeKick.java... 100%
Extract: DropBall.java... 100%
Extract: DropInPointsEvaluation.java... 100%
Extract: DropinPointDelta.java... 100%
Extract: GameInterruption.java... 100%
Extract: GlobalStuck.java... 100%
Extract: Goal.java... 100%
Extract: GoalKick.java... 100%
Extract: IncGameClock.java... 100%
Extract: IndirectFreeKick.java... 100%
Extract: KickOff.java... 100%
Extract: MakeGoalieAction.java... 100%
Extract: Out.java... 100%
Extract: PenaltyKick.java... 100%
Extract: Quit.java... 100%
Extract: RefereeTimeout.java... 100%
Extract: RetakeGameInterruption.java... 100%
Extract: Robot.java... 100%
Extract: TeammatePushing.java... 100%
Extract: Testmode.java... 100%
Extract: ThrowIn.java... 100%
Extract: TimeOut.java... 100%
Extract: Undo.java... 100%
Output folder: c:\Elsiros\GameController\src\controller\action\ui\half
Extract: FirstHalf.java... 100%
Extract: FirstHalfOvertime.java... 100%
Extract: PenaltyShoot.java... 100%
Extract: SecondHalf.java... 100%
Extract: SecondHalfOvertime.java... 100%
Output folder: c:\Elsiros\GameController\src\controller\action\ui\penalty
Extract: BallManipulation.java... 100%
Extract: HLPushing.java... 100%
Extract: Penalty.java... 100%
Extract: PickUpHL.java... 100%
Extract: Substitute.java... 100%
Output folder: c:\Elsiros\GameController\src\controller\action\ui\state
Extract: Finish.java... 100%
Extract: Initial.java... 100%
Extract: Play.java... 100%
Extract: Ready.java... 100%
Extract: Set.java... 100%
Output folder: c:\Elsiros\GameController\src\controller\net
Extract: AutoRefServer.java... 100%
Extract: GameControlReturnDataReceiver.java... 100%
Extract: RobotOnlineStatus.java... 100%
Extract: RobotWatcher.java... 100%
Extract: SPLCoachMessageReceiver.java... 100%
Extract: Sender.java... 100%
Output folder: c:\Elsiros\GameController\src\controller\ui
Extract: GCGUI.java... 100%
Extract: KeyboardListener.java... 100%
Output folder: c:\Elsiros\GameController\src\controller\ui\gameplay
Extract: CommonGUI.java... 100%
Extract: GUI.java... 100%
Output folder: c:\Elsiros\GameController\src\controller\ui\helper
Extract: FontHelper.java... 100%
Output folder: c:\Elsiros\GameController\src\controller\ui\localization
Extract: Localization.java... 100%
Extract: LocalizationManager.java... 100%
Output folder: c:\Elsiros\GameController\src\controller\ui\setup
Extract: ImagePanel.java... 100%
Extract: StartInput.java... 100%
Output folder: c:\Elsiros\GameController\src\controller\ui\ui
Extract: AbstractUI.java... 100%
Output folder: c:\Elsiros\GameController\src\controller\ui\ui\components
Extract: AbstractComponent.java... 100%
Extract: ClockComponent.java... 100%
Extract: DropInStatSnippet.java... 100%
Extract: DropInTeamComponent.java... 100%
Extract: GameMetaInfo.java... 100%
Extract: GameStateComponent.java... 100%
Extract: GameStateHistoryLogger.java... 100%
Extract: HLTeamActions.java... 100%
Extract: PenaltyComponent.java... 100%
Extract: Refreshable.java... 100%
Extract: Robot.java... 100%
Extract: RobotWithDropInCounter.java... 100%
Extract: SequenceGameStates.java... 100%
Extract: SimulatorUpdateComponent.java... 100%
Extract: TeamActions.java... 100%
Extract: TeamComponent.java... 100%
Extract: YellowRedCardTeamComponent.java... 100%
Output folder: c:\Elsiros\GameController\src\controller\ui\ui\composites
Extract: HL_DropIn.java... 100%
Extract: HL_GUI.java... 100%
Extract: HL_SimGui.java... 100%
Output folder: c:\Elsiros\GameController\src\controller\ui\ui\customized
Extract: AbortButton.java... 100%
Extract: BestFitImagePanel.java... 100%
Extract: Button.java... 100%
Extract: CountDownBar.java... 100%
Extract: GameInterruptionButton.java... 100%
Extract: ImageButton.java... 100%
Extract: ImagePanel.java... 100%
Extract: JMultiStepIndicatorButton.java... 100%
Extract: RetakeButton.java... 100%
Extract: ToggleButton.java... 100%
Output folder: c:\Elsiros\GameController\src\data
Extract: Helper.java... 100%
Extract: PlayerInfo.java... 100%
Extract: Rules.java... 100%
Extract: Teams.java... 100%
Output folder: c:\Elsiros\GameController\src\data\communication
Extract: GameControlData.java... 100%
Extract: GameControlReturnData.java... 100%
Extract: TeamInfo.java... 100%
Output folder: c:\Elsiros\GameController\src\data\hl
Extract: HL.java... 100%
Extract: HLAdult.java... 100%
Extract: HLDropIn.java... 100%
Extract: HLDropIn2.java... 100%
Extract: HLDropIn3.java... 100%
Extract: HLDropIn4.java... 100%
Extract: HLDropIn5.java... 100%
Extract: HLSim.java... 100%
Extract: HLSimulationAdult.java... 100%
Extract: HLSimulationJunior.java... 100%
Extract: HLSimulationKid.java... 100%
Extract: HLTeen.java... 100%
Output folder: c:\Elsiros\GameController\src\data\spl
Extract: SPLCoachMessage.java... 100%
Extract: SPLStandardMessage.java... 100%
Output folder: c:\Elsiros\GameController\src\data\states
Extract: AdvancedData.java... 100%
Extract: ExtraClock.java... 100%
Extract: GameClock.java... 100%
Extract: GamePreparationData.java... 100%
Extract: PrepTeam.java... 100%
Extract: SecondaryStateInfo.java... 100%
Output folder: c:\Elsiros\GameController\src\data\teams
Extract: TeamLoadInfo.java... 100%
Extract: TeamsLoader.java... 100%
Output folder: c:\Elsiros\GameController\src\data\values
Extract: DocumentingMarkdown.java... 100%
Extract: GameStates.java... 100%
Extract: GameTypes.java... 100%
Extract: Penalties.java... 100%
Extract: PlayerResponses.java... 100%
Extract: ProtocolHelper.java... 100%
Extract: SecondaryGameStates.java... 100%
Extract: Side.java... 100%
Extract: TeamColors.java... 100%
Output folder: c:\Elsiros\GameController\src\libgamectrl
Extract: CMakeLists.txt... 100%
Extract: GameCtrl.cpp... 100%
Extract: README.txt... 100%
Extract: UdpComm.cpp... 100%
Extract: UdpComm.h... 100%
Extract: qiproject.xml... 100%
Output folder: c:\Elsiros\GameController\src\libgamectrl\out
Output folder: c:\Elsiros\GameController\src\libgamectrl\out\build
Output folder: c:\Elsiros\GameController\src\libgamectrl\out\build\x64-Debug
Extract: CMakeCache.txt... 100%
Extract: VSInheritEnvironments.txt... 100%
Output folder: c:\Elsiros\GameController\src\libgamectrl\out\build\x64-Debug\.cmake
Output folder: c:\Elsiros\GameController\src\libgamectrl\out\build\x64-Debug\.cmake\api
Output folder: c:\Elsiros\GameController\src\libgamectrl\out\build\x64-Debug\.cmake\api\v1
Output folder: c:\Elsiros\GameController\src\libgamectrl\out\build\x64-Debug\.cmake\api\v1\query
Output folder: c:\Elsiros\GameController\src\libgamectrl\out\build\x64-Debug\.cmake\api\v1\query\client-MicrosoftVS
Extract: query.json... 100%
Output folder: c:\Elsiros\GameController\src\libgamectrl\out\build\x64-Debug\CMakeFiles
Extract: CMakeOutput.log... 100%
Extract: cmake.check_cache... 100%
Output folder: c:\Elsiros\GameController\src\libgamectrl\out\build\x64-Debug\CMakeFiles\3.20.21032501-MSVC_2
Extract: CMakeCCompiler.cmake... 100%
Extract: CMakeCXXCompiler.cmake... 100%
Extract: CMakeDetermineCompilerABI_C.bin... 100%
Extract: CMakeDetermineCompilerABI_CXX.bin... 100%
Extract: CMakeRCCompiler.cmake... 100%
Extract: CMakeSystem.cmake... 100%
Output folder: c:\Elsiros\GameController\src\libgamectrl\out\build\x64-Debug\CMakeFiles\3.20.21032501-MSVC_2\CompilerIdC
Extract: CMakeCCompilerId.c... 100%
Extract: CMakeCCompilerId.exe... 100%
Extract: CMakeCCompilerId.obj... 100%
Output folder: c:\Elsiros\GameController\src\libgamectrl\out\build\x64-Debug\CMakeFiles\3.20.21032501-MSVC_2\CompilerIdC\tmp
Output folder: c:\Elsiros\GameController\src\libgamectrl\out\build\x64-Debug\CMakeFiles\3.20.21032501-MSVC_2\CompilerIdCXX
Extract: CMakeCXXCompilerId.cpp... 100%
Extract: CMakeCXXCompilerId.exe... 100%
Extract: CMakeCXXCompilerId.obj... 100%
Output folder: c:\Elsiros\GameController\src\libgamectrl\out\build\x64-Debug\CMakeFiles\3.20.21032501-MSVC_2\CompilerIdCXX\tmp
Output folder: c:\Elsiros\GameController\src\libgamectrl\out\build\x64-Debug\CMakeFiles\CMakeTmp
Output folder: c:\Elsiros\GameController\src\libgamectrl\out\build\x64-Debug\CMakeFiles\ShowIncludes
Extract: foo.h
Extract: main.c
Extract: main.obj... 100%
Output folder: c:\Elsiros\GameController\src\teamcomm
Extract: Config.java... 100%
Extract: PluginLoader.java... 100%
Extract: TeamCommunicationMonitor.java... 100%
Output folder: c:\Elsiros\GameController\src\teamcomm\data
Extract: AdvancedMessage.java... 100%
Extract: GameState.java... 100%
Extract: RobotState.java... 100%
Output folder: c:\Elsiros\GameController\src\teamcomm\data\event
Extract: RobotStateEvent.java... 100%
Extract: RobotStateEventListener.java... 100%
Extract: TeamEvent.java... 100%
Extract: TeamEventListener.java... 100%
Output folder: c:\Elsiros\GameController\src\teamcomm\gui
Extract: Camera.java... 100%
Extract: LogReplayFrame.java... 100%
Extract: MainWindow.java... 100%
Extract: RobotDetailFrame.java... 100%
Extract: RobotPanel.java... 100%
Extract: TeamLogoLoader.java... 100%
Extract: View3D.java... 100%
Extract: View3DCanvas.java... 100%
Extract: View3DGSV.java... 100%
Output folder: c:\Elsiros\GameController\src\teamcomm\gui\drawings
Extract: Drawing.java... 100%
Extract: Image.java... 100%
Extract: PerPlayer.java... 100%
Extract: RoSi2Element.java... 100%
Extract: RoSi2Loader.java... 100%
Extract: Static.java... 100%
Extract: Text.java... 100%
Extract: TextureLoader.java... 100%
Output folder: c:\Elsiros\GameController\src\teamcomm\gui\drawings\common
Extract: Ball.java... 100%
Extract: Field.java... 100%
Extract: FieldSmall.java... 100%
Extract: GameControllerInfo.java... 100%
Extract: Player.java... 100%
Extract: PlayerNumber.java... 100%
Extract: PlayerTarget.java... 100%
Output folder: c:\Elsiros\GameController\src\teamcomm\net
Extract: GameControlDataReceiver.java... 100%
Extract: SPLStandardMessagePackage.java... 100%
Extract: SPLStandardMessageReceiver.java... 100%
Extract: SPLStandardMessageReceiverTCM.java... 100%
Output folder: c:\Elsiros\GameController\src\teamcomm\net\logging
Extract: LogReplayEvent.java... 100%
Extract: LogReplayEventListener.java... 100%
Extract: LogReplayTask.java... 100%
Extract: LogReplayer.java... 100%
Extract: Logger.java... 100%
Output folder: c:\Elsiros\GameController\test
Extract: TestGameControlData.java... 100%
Extract: TestGamePreparationData.java... 100%
Extract: TestPrepTeam.java... 100%
Extract: TestRules.java... 100%
Extract: TestSecondaryState.java... 100%
Extract: TestTeamLoader.java... 100%
Output folder: c:\Elsiros\GameController\test\actions
Extract: TestFreeKickAction.java... 100%
Extract: TestPenaltyKickAction.java... 100%
Extract: TestTimeOut.java... 100%
Output folder: c:\Elsiros\GameController\test\actions\states
Extract: TestFinishAction.java... 100%
Output folder: c:\Elsiros\GameController\test\ui
Output folder: c:\Elsiros\GameController\test\ui\components
Extract: TestTeamComponent.java... 100%
Output folder: c:\Elsiros\GameController\test_resources
Output folder: c:\Elsiros\GameController\test_resources\config
Output folder: c:\Elsiros\GameController\test_resources\config\hl_adult
Extract: background.jpg... 100%
Extract: teams.cfg
Output folder: c:\Elsiros\GameController\test_resources\config\hl_dropin
Extract: 100.png
Extract: 101.png... 100%
Extract: background.jpg... 100%
Extract: teams.cfg... 100%
Output folder: c:\Elsiros\GameController\test_resources\config\hl_kid
Extract: background.jpg... 100%
Extract: teams.cfg... 100%
Output folder: c:\Elsiros\GameController\test_resources\config\hl_teen
Extract: 33.jpg... 100%
Extract: background.jpg... 100%
Extract: teams.cfg
Output folder: c:\Elsiros\GameController\test_resources\config\icons
Extract: field.png... 100%
Extract: pause.png... 100%
Extract: play.png... 100%
Extract: plus.png... 100%
Extract: reset.png... 100%
Extract: time_ground.png... 100%
Extract: time_ground_small.png... 100%
Extract: timeline_ground.png... 100%
Extract: wlan_status_green.png... 100%
Extract: wlan_status_grey.png... 100%
Extract: wlan_status_red.png... 100%
Extract: wlan_status_yellow.png... 100%
Output folder: c:\Elsiros\GameController\test_resources\config\icons\hl_adult
Extract: robot_left_blue.png... 100%
Extract: robot_left_red.png... 100%
Extract: robot_right_blue.png... 100%
Extract: robot_right_red.png... 100%
Output folder: c:\Elsiros\GameController\test_resources\config\icons\hl_kid
Extract: robot_left_blue.png... 100%
Extract: robot_left_red.png... 100%
Extract: robot_right_blue.png... 100%
Extract: robot_right_red.png... 100%
Output folder: c:\Elsiros\GameController\test_resources\config\icons\hl_teen
Extract: robot_left_blue.png... 100%
Extract: robot_left_red.png... 100%
Extract: robot_right_blue.png... 100%
Extract: robot_right_red.png... 100%
Output folder: c:\Elsiros\GameController\test_resources\config\icons\spl
Extract: robot_left_black.png... 100%
Extract: robot_left_blue.png... 100%
Extract: robot_left_brown.png... 100%
Extract: robot_left_gray.png... 100%
Extract: robot_left_green.png... 100%
Extract: robot_left_orange.png... 100%
Extract: robot_left_purple.png... 100%
Extract: robot_left_red.png... 100%
Extract: robot_left_white.png... 100%
Extract: robot_left_yellow.png... 100%
Extract: robot_right_black.png... 100%
Extract: robot_right_blue.png... 100%
Extract: robot_right_brown.png... 100%
Extract: robot_right_gray.png... 100%
Extract: robot_right_green.png... 100%
Extract: robot_right_orange.png... 100%
Extract: robot_right_purple.png... 100%
Extract: robot_right_red.png... 100%
Extract: robot_right_white.png... 100%
Extract: robot_right_yellow.png... 100%
Output folder: c:\Elsiros\GameController\test_resources\config\icons\spl_dropin
Extract: robot_left_blue.png... 100%
Extract: robot_left_red.png... 100%
Extract: robot_right_blue.png... 100%
Extract: robot_right_red.png... 100%
Output folder: c:\Elsiros\GameController\test_resources\config\spl
Extract: 1.png... 100%
Extract: 2.gif... 100%
Extract: 3.gif... 100%
Extract: 4.gif... 100%
Extract: backgroundr.png... 100%
Extract: teams.cfg... 100%
Output folder: c:\Elsiros\GameController\test_resources\config\spl_dropin
Extract: 98.png... 100%
Extract: 99.png... 100%
Extract: backgroundr.jpg... 100%
Extract: teams.cfg... 100%
Output folder: c:\Elsiros
Created uninstaller: c:\Elsiros\Uninstall.exe
Setting environemental variables, please wait...
